#
# There is insufficient memory for the Java Runtime Environment to continue.
# Native memory allocation (malloc) failed to allocate 32744 bytes for Chunk::new
# Possible reasons:
#   The system is out of physical RAM or swap space
#   The process is running with CompressedOops enabled, and the Java Heap may be blocking the growth of the native heap
# Possible solutions:
#   Reduce memory load on the system
#   Increase physical memory or swap space
#   Check if swap backing store is full
#   Decrease Java heap size (-Xmx/-Xms)
#   Decrease number of Java threads
#   Decrease Java thread stack sizes (-Xss)
#   Set larger code cache with -XX:ReservedCodeCacheSize=
#   JVM is running with Zero Based Compressed Oops mode in which the Java heap is
#     placed in the first 32GB address space. The Java Heap base address is the
#     maximum limit for the native heap growth. Please use -XX:HeapBaseMinAddress
#     to set the Java Heap base and to place the Java Heap above 32GB virtual address.
# This output file may be truncated or incomplete.
#
#  Out of Memory Error (arena.cpp:184), pid=9660, tid=9136
#
# JRE version: Java(TM) SE Runtime Environment (19.0.2+7) (build 19.0.2+7-44)
# Java VM: Java HotSpot(TM) 64-Bit Server VM (19.0.2+7-44, mixed mode, sharing, tiered, compressed oops, compressed class ptrs, g1 gc, windows-amd64)
# No core dump will be written. Minidumps are not enabled by default on client versions of Windows
#

---------------  S U M M A R Y ------------

Command Line: -Dclassworlds.conf=C:\Program Files\apache-maven-3.9.1\bin\m2.conf -Dmaven.home=C:\Program Files\apache-maven-3.9.1 -Dlibrary.jansi.path=C:\Program Files\apache-maven-3.9.1\lib\jansi-native -Dmaven.multiModuleProjectDirectory=C:\Users\Admin\IdeaProjects\miniproject-mobile org.codehaus.plexus.classworlds.launcher.Launcher clean verify

Host: Intel(R) Core(TM) i5-6600 CPU @ 3.30GHz, 4 cores, 15G,  Windows 11 , 64 bit Build 22621 (10.0.22621.1)
Time: Thu May  4 13:48:43 2023 SE Asia Standard Time elapsed time: 33.282848 seconds (0d 0h 0m 33s)

---------------  T H R E A D  ---------------

Current thread (0x000001b8e6d58e70):  JavaThread "C1 CompilerThread0" daemon [_thread_in_vm, id=9136, stack(0x00000079eaf00000,0x00000079eb000000)]


Current CompileTask:
C1:  33282 8643       3       java.util.regex.Matcher::reset (128 bytes)

Stack: [0x00000079eaf00000,0x00000079eb000000]
Native frames: (J=compiled Java code, j=interpreted, Vv=VM code, C=native code)
V  [jvm.dll+0x6ee21a]
V  [jvm.dll+0x85765e]
V  [jvm.dll+0x85904e]
V  [jvm.dll+0x859703]
V  [jvm.dll+0x28298f]
V  [jvm.dll+0xc9adf]
V  [jvm.dll+0xc9e65]
V  [jvm.dll+0x207e3b]
V  [jvm.dll+0x1f40fd]
V  [jvm.dll+0x25b0d1]
V  [jvm.dll+0x2596e8]
V  [jvm.dll+0x807588]
V  [jvm.dll+0x80125a]
V  [jvm.dll+0x6ecf0b]
C  [ucrtbase.dll+0x29363]
C  [KERNEL32.DLL+0x1244d]
C  [ntdll.dll+0x5df88]


---------------  P R O C E S S  ---------------

Threads class SMR info:
_java_thread_list=0x000001b8ed4c4a30, length=19, elements={
0x000001b8c4378a60, 0x000001b8e6d47a10, 0x000001b8e6d48540, 0x000001b8e6d4d250,
0x000001b8e6d4dd80, 0x000001b8e6d52f70, 0x000001b8e6d56050, 0x000001b8e6d62f30,
0x000001b8e6d58e70, 0x000001b8eb120090, 0x000001b8eb246570, 0x000001b8eb245030,
0x000001b8eb246020, 0x000001b8eb247560, 0x000001b8eb244ae0, 0x000001b8eb244040,
0x000001b8ec1824c0, 0x000001b8f10c7d80, 0x000001b8f10cbd40
}

Java Threads: ( => current thread )
  0x000001b8c4378a60 JavaThread "main" [_thread_blocked, id=1564, stack(0x00000079ea000000,0x00000079ea100000)]
  0x000001b8e6d47a10 JavaThread "Reference Handler" daemon [_thread_blocked, id=2144, stack(0x00000079ea800000,0x00000079ea900000)]
  0x000001b8e6d48540 JavaThread "Finalizer" daemon [_thread_blocked, id=240, stack(0x00000079ea900000,0x00000079eaa00000)]
  0x000001b8e6d4d250 JavaThread "Signal Dispatcher" daemon [_thread_blocked, id=9644, stack(0x00000079eaa00000,0x00000079eab00000)]
  0x000001b8e6d4dd80 JavaThread "Attach Listener" daemon [_thread_blocked, id=1684, stack(0x00000079eab00000,0x00000079eac00000)]
  0x000001b8e6d52f70 JavaThread "Service Thread" daemon [_thread_blocked, id=1116, stack(0x00000079eac00000,0x00000079ead00000)]
  0x000001b8e6d56050 JavaThread "Monitor Deflation Thread" daemon [_thread_blocked, id=8956, stack(0x00000079ead00000,0x00000079eae00000)]
  0x000001b8e6d62f30 JavaThread "C2 CompilerThread0" daemon [_thread_in_native, id=10472, stack(0x00000079eae00000,0x00000079eaf00000)]
=>0x000001b8e6d58e70 JavaThread "C1 CompilerThread0" daemon [_thread_in_vm, id=9136, stack(0x00000079eaf00000,0x00000079eb000000)]
  0x000001b8eb120090 JavaThread "Sweeper thread" daemon [_thread_blocked, id=2580, stack(0x00000079eb000000,0x00000079eb100000)]
  0x000001b8eb246570 JavaThread "Notification Thread" daemon [_thread_blocked, id=2804, stack(0x00000079eb100000,0x00000079eb200000)]
  0x000001b8eb245030 JavaThread "Common-Cleaner" daemon [_thread_blocked, id=488, stack(0x00000079eb300000,0x00000079eb400000)]
  0x000001b8eb246020 JavaThread "resolver-1" daemon [_thread_blocked, id=3400, stack(0x00000079eb800000,0x00000079eb900000)]
  0x000001b8eb247560 JavaThread "resolver-2" daemon [_thread_blocked, id=9812, stack(0x00000079eb900000,0x00000079eba00000)]
  0x000001b8eb244ae0 JavaThread "resolver-3" daemon [_thread_blocked, id=100, stack(0x00000079eba00000,0x00000079ebb00000)]
  0x000001b8eb244040 JavaThread "resolver-4" daemon [_thread_blocked, id=3576, stack(0x00000079ebb00000,0x00000079ebc00000)]
  0x000001b8ec1824c0 JavaThread "C2 CompilerThread1" daemon [_thread_in_native, id=2204, stack(0x00000079eb700000,0x00000079eb800000)]
  0x000001b8f10c7d80 JavaThread "ForkJoinPool.commonPool-worker-1" daemon [_thread_blocked, id=9768, stack(0x00000079ebc00000,0x00000079ebd00000)]
  0x000001b8f10cbd40 JavaThread "ForkJoinPool.commonPool-worker-2" daemon [_thread_blocked, id=5880, stack(0x00000079ebd00000,0x00000079ebe00000)]

Other Threads:
  0x000001b8e6d370d0 VMThread "VM Thread" [stack: 0x00000079ea600000,0x00000079ea700000] [id=2324] _threads_hazard_ptr=0x000001b8ed4c4a30
  0x000001b8eb248410 WatcherThread "VM Periodic Task Thread" [stack: 0x00000079eb200000,0x00000079eb300000] [id=5556]
  0x000001b8c43e8360 WorkerThread "GC Thread#0" [stack: 0x00000079ea100000,0x00000079ea200000] [id=10648]
  0x000001b8eb71a5c0 WorkerThread "GC Thread#1" [stack: 0x00000079eb400000,0x00000079eb500000] [id=10252]
  0x000001b8ebc859d0 WorkerThread "GC Thread#2" [stack: 0x00000079eb500000,0x00000079eb600000] [id=7708]
  0x000001b8eb5f1050 WorkerThread "GC Thread#3" [stack: 0x00000079eb600000,0x00000079eb700000] [id=2408]
  0x000001b8c43f9490 ConcurrentGCThread "G1 Main Marker" [stack: 0x00000079ea200000,0x00000079ea300000] [id=8868]
  0x000001b8c43fa660 WorkerThread "G1 Conc#0" [stack: 0x00000079ea300000,0x00000079ea400000] [id=10828]
  0x000001b8c443e6d0 ConcurrentGCThread "G1 Refine#0" [stack: 0x00000079ea400000,0x00000079ea500000] [id=8716]
  0x000001b8e6be60e0 ConcurrentGCThread "G1 Service" [stack: 0x00000079ea500000,0x00000079ea600000] [id=2996]

Threads with active compile tasks:
C2 CompilerThread0    33297 8358   !   4       org.codehaus.plexus.classworlds.realm.ClassRealm::loadClass (33 bytes)
C1 CompilerThread0    33297 8643       3       java.util.regex.Matcher::reset (128 bytes)
C2 CompilerThread1    33297 8344   !   4       java.lang.ClassLoader::loadClass (121 bytes)

VM state: not at safepoint (normal execution)

VM Mutex/Monitor currently owned by a thread:  ([mutex/lock_event])
[0x000001b8c4374a10] Compile_lock - owner thread: 0x000001b8c4378a60

Heap address: 0x0000000701200000, size: 4078 MB, Compressed Oops mode: Zero based, Oop shift amount: 3

CDS archive(s) mapped at: [0x0000000800000000-0x0000000800c40000-0x0000000800c40000), size 12845056, SharedBaseAddress: 0x0000000800000000, ArchiveRelocationMode: 0.
Compressed class space mapped at: 0x0000000801000000-0x0000000841000000, reserved size: 1073741824
Narrow klass base: 0x0000000800000000, Narrow klass shift: 0, Narrow klass range: 0x100000000

GC Precious Log:
 CardTable entry size: 512
 Card Set container configuration: InlinePtr #cards 4 size 8 Array Of Cards #cards 16 size 48 Howl #buckets 8 coarsen threshold 3686 Howl Bitmap #cards 512 size 80 coarsen threshold 460 Card regions per heap region 1 cards per card region 4096
 CPUs: 4 total, 4 available
 Memory: 16311M
 Large Page Support: Disabled
 NUMA Support: Disabled
 Compressed Oops: Enabled (Zero based)
 Heap Region Size: 2M
 Heap Min Capacity: 8M
 Heap Initial Capacity: 256M
 Heap Max Capacity: 4078M
 Pre-touch: Disabled
 Parallel Workers: 4
 Concurrent Workers: 1
 Concurrent Refinement Workers: 4
 Periodic GC: Disabled

Heap:
 garbage-first heap   total 176128K, used 82482K [0x0000000701200000, 0x0000000800000000)
  region size 2048K, 5 young (10240K), 2 survivors (4096K)
 Metaspace       used 44528K, committed 44992K, reserved 1114112K
  class space    used 4917K, committed 5120K, reserved 1048576K

Heap Regions: E=young(eden), S=young(survivor), O=old, HS=humongous(starts), HC=humongous(continues), CS=collection set, F=free, OA=open archive, CA=closed archive, TAMS=top-at-mark-start (previous, next)
|   0|0x0000000701200000, 0x0000000701400000, 0x0000000701400000|100%| O|  |TAMS 0x0000000701400000, 0x0000000701200000| Untracked 
|   1|0x0000000701400000, 0x0000000701600000, 0x0000000701600000|100%| O|  |TAMS 0x0000000701600000, 0x0000000701400000| Untracked 
|   2|0x0000000701600000, 0x0000000701800000, 0x0000000701800000|100%| O|  |TAMS 0x0000000701800000, 0x0000000701600000| Untracked 
|   3|0x0000000701800000, 0x0000000701a00000, 0x0000000701a00000|100%| O|  |TAMS 0x0000000701a00000, 0x0000000701800000| Untracked 
|   4|0x0000000701a00000, 0x0000000701c00000, 0x0000000701c00000|100%| O|  |TAMS 0x0000000701c00000, 0x0000000701a00000| Untracked 
|   5|0x0000000701c00000, 0x0000000701e00000, 0x0000000701e00000|100%| O|  |TAMS 0x0000000701e00000, 0x0000000701c00000| Untracked 
|   6|0x0000000701e00000, 0x0000000702000000, 0x0000000702000000|100%| O|  |TAMS 0x0000000701e00000, 0x0000000701e00000| Untracked 
|   7|0x0000000702000000, 0x0000000702200000, 0x0000000702200000|100%| O|  |TAMS 0x0000000702200000, 0x0000000702000000| Untracked 
|   8|0x0000000702200000, 0x0000000702400000, 0x0000000702400000|100%| O|  |TAMS 0x0000000702400000, 0x0000000702200000| Untracked 
|   9|0x0000000702400000, 0x0000000702600000, 0x0000000702600000|100%| O|  |TAMS 0x0000000702600000, 0x0000000702400000| Untracked 
|  10|0x0000000702600000, 0x0000000702800000, 0x0000000702800000|100%| O|  |TAMS 0x0000000702800000, 0x0000000702600000| Untracked 
|  11|0x0000000702800000, 0x0000000702a00000, 0x0000000702a00000|100%| O|  |TAMS 0x0000000702800000, 0x0000000702800000| Untracked 
|  12|0x0000000702a00000, 0x0000000702c00000, 0x0000000702c00000|100%| O|  |TAMS 0x0000000702c00000, 0x0000000702a00000| Untracked 
|  13|0x0000000702c00000, 0x0000000702e00000, 0x0000000702e00000|100%| O|  |TAMS 0x0000000702e00000, 0x0000000702c00000| Untracked 
|  14|0x0000000702e00000, 0x0000000703000000, 0x0000000703000000|100%| O|  |TAMS 0x0000000703000000, 0x0000000702e00000| Untracked 
|  15|0x0000000703000000, 0x0000000703200000, 0x0000000703200000|100%| O|  |TAMS 0x0000000703200000, 0x0000000703000000| Untracked 
|  16|0x0000000703200000, 0x0000000703400000, 0x0000000703400000|100%| O|  |TAMS 0x0000000703400000, 0x0000000703200000| Untracked 
|  17|0x0000000703400000, 0x0000000703600000, 0x0000000703600000|100%| O|  |TAMS 0x0000000703600000, 0x0000000703400000| Untracked 
|  18|0x0000000703600000, 0x0000000703800000, 0x0000000703800000|100%| O|  |TAMS 0x0000000703800000, 0x0000000703600000| Untracked 
|  19|0x0000000703800000, 0x0000000703a00000, 0x0000000703a00000|100%| O|  |TAMS 0x0000000703a00000, 0x0000000703800000| Untracked 
|  20|0x0000000703a00000, 0x0000000703c00000, 0x0000000703c00000|100%| O|  |TAMS 0x0000000703c00000, 0x0000000703a00000| Untracked 
|  21|0x0000000703c00000, 0x0000000703e00000, 0x0000000703e00000|100%| O|  |TAMS 0x0000000703e00000, 0x0000000703c00000| Untracked 
|  22|0x0000000703e00000, 0x0000000704000000, 0x0000000704000000|100%| O|  |TAMS 0x0000000704000000, 0x0000000703e00000| Untracked 
|  23|0x0000000704000000, 0x0000000704200000, 0x0000000704200000|100%| O|  |TAMS 0x0000000704200000, 0x0000000704000000| Untracked 
|  24|0x0000000704200000, 0x0000000704400000, 0x0000000704400000|100%| O|  |TAMS 0x0000000704400000, 0x0000000704200000| Untracked 
|  25|0x0000000704400000, 0x0000000704600000, 0x0000000704600000|100%| O|  |TAMS 0x0000000704600000, 0x0000000704400000| Untracked 
|  26|0x0000000704600000, 0x0000000704800000, 0x0000000704800000|100%| O|  |TAMS 0x0000000704800000, 0x0000000704600000| Untracked 
|  27|0x0000000704800000, 0x0000000704a00000, 0x0000000704a00000|100%| O|  |TAMS 0x0000000704a00000, 0x0000000704800000| Untracked 
|  28|0x0000000704a00000, 0x0000000704c00000, 0x0000000704c00000|100%| O|  |TAMS 0x0000000704a00000, 0x0000000704a00000| Untracked 
|  29|0x0000000704c00000, 0x0000000704e00000, 0x0000000704e00000|100%| O|  |TAMS 0x0000000704c00000, 0x0000000704c00000| Untracked 
|  30|0x0000000704e00000, 0x0000000705000000, 0x0000000705000000|100%| O|  |TAMS 0x0000000704e00000, 0x0000000704e00000| Untracked 
|  31|0x0000000705000000, 0x0000000705200000, 0x0000000705200000|100%| O|  |TAMS 0x0000000705000000, 0x0000000705000000| Untracked 
|  32|0x0000000705200000, 0x0000000705400000, 0x0000000705400000|100%| O|  |TAMS 0x0000000705200000, 0x0000000705200000| Untracked 
|  33|0x0000000705400000, 0x0000000705600000, 0x0000000705600000|100%| O|  |TAMS 0x0000000705400000, 0x0000000705400000| Untracked 
|  34|0x0000000705600000, 0x0000000705800000, 0x0000000705800000|100%| O|  |TAMS 0x0000000705600000, 0x0000000705600000| Untracked 
|  35|0x0000000705800000, 0x0000000705a00000, 0x0000000705a00000|100%| O|  |TAMS 0x0000000705800000, 0x0000000705800000| Untracked 
|  36|0x0000000705a00000, 0x0000000705af4800, 0x0000000705c00000| 47%| O|  |TAMS 0x0000000705a00000, 0x0000000705a00000| Untracked 
|  37|0x0000000705c00000, 0x0000000705c00000, 0x0000000705e00000|  0%| F|  |TAMS 0x0000000705c00000, 0x0000000705c00000| Untracked 
|  38|0x0000000705e00000, 0x0000000705e00000, 0x0000000706000000|  0%| F|  |TAMS 0x0000000705e00000, 0x0000000705e00000| Untracked 
|  39|0x0000000706000000, 0x0000000706000000, 0x0000000706200000|  0%| F|  |TAMS 0x0000000706000000, 0x0000000706000000| Untracked 
|  40|0x0000000706200000, 0x0000000706200000, 0x0000000706400000|  0%| F|  |TAMS 0x0000000706200000, 0x0000000706200000| Untracked 
|  41|0x0000000706400000, 0x0000000706400000, 0x0000000706600000|  0%| F|  |TAMS 0x0000000706400000, 0x0000000706400000| Untracked 
|  42|0x0000000706600000, 0x0000000706600000, 0x0000000706800000|  0%| F|  |TAMS 0x0000000706600000, 0x0000000706600000| Untracked 
|  43|0x0000000706800000, 0x0000000706800000, 0x0000000706a00000|  0%| F|  |TAMS 0x0000000706800000, 0x0000000706800000| Untracked 
|  44|0x0000000706a00000, 0x0000000706a00000, 0x0000000706c00000|  0%| F|  |TAMS 0x0000000706a00000, 0x0000000706a00000| Untracked 
|  45|0x0000000706c00000, 0x0000000706c00000, 0x0000000706e00000|  0%| F|  |TAMS 0x0000000706c00000, 0x0000000706c00000| Untracked 
|  46|0x0000000706e00000, 0x0000000706e00000, 0x0000000707000000|  0%| F|  |TAMS 0x0000000706e00000, 0x0000000706e00000| Untracked 
|  47|0x0000000707000000, 0x0000000707000000, 0x0000000707200000|  0%| F|  |TAMS 0x0000000707000000, 0x0000000707000000| Untracked 
|  48|0x0000000707200000, 0x0000000707200000, 0x0000000707400000|  0%| F|  |TAMS 0x0000000707200000, 0x0000000707200000| Untracked 
|  49|0x0000000707400000, 0x0000000707400000, 0x0000000707600000|  0%| F|  |TAMS 0x0000000707400000, 0x0000000707400000| Untracked 
|  50|0x0000000707600000, 0x0000000707600000, 0x0000000707800000|  0%| F|  |TAMS 0x0000000707600000, 0x0000000707600000| Untracked 
|  51|0x0000000707800000, 0x0000000707800000, 0x0000000707a00000|  0%| F|  |TAMS 0x0000000707800000, 0x0000000707800000| Untracked 
|  52|0x0000000707a00000, 0x0000000707a00000, 0x0000000707c00000|  0%| F|  |TAMS 0x0000000707a00000, 0x0000000707a00000| Untracked 
|  53|0x0000000707c00000, 0x0000000707c00000, 0x0000000707e00000|  0%| F|  |TAMS 0x0000000707c00000, 0x0000000707c00000| Untracked 
|  54|0x0000000707e00000, 0x0000000707e00000, 0x0000000708000000|  0%| F|  |TAMS 0x0000000707e00000, 0x0000000707e00000| Untracked 
|  55|0x0000000708000000, 0x0000000708000000, 0x0000000708200000|  0%| F|  |TAMS 0x0000000708000000, 0x0000000708000000| Untracked 
|  56|0x0000000708200000, 0x0000000708200000, 0x0000000708400000|  0%| F|  |TAMS 0x0000000708200000, 0x0000000708200000| Untracked 
|  57|0x0000000708400000, 0x0000000708400000, 0x0000000708600000|  0%| F|  |TAMS 0x0000000708400000, 0x0000000708400000| Untracked 
|  58|0x0000000708600000, 0x0000000708600000, 0x0000000708800000|  0%| F|  |TAMS 0x0000000708600000, 0x0000000708600000| Untracked 
|  59|0x0000000708800000, 0x0000000708800000, 0x0000000708a00000|  0%| F|  |TAMS 0x0000000708800000, 0x0000000708800000| Untracked 
|  60|0x0000000708a00000, 0x0000000708b98100, 0x0000000708c00000| 79%| S|CS|TAMS 0x0000000708a00000, 0x0000000708a00000| Complete 
|  61|0x0000000708c00000, 0x0000000708e00000, 0x0000000708e00000|100%| S|CS|TAMS 0x0000000708c00000, 0x0000000708c00000| Complete 
|  62|0x0000000708e00000, 0x0000000708e00000, 0x0000000709000000|  0%| F|  |TAMS 0x0000000708e00000, 0x0000000708e00000| Untracked 
|  63|0x0000000709000000, 0x0000000709000000, 0x0000000709200000|  0%| F|  |TAMS 0x0000000709000000, 0x0000000709000000| Untracked 
|  64|0x0000000709200000, 0x0000000709200000, 0x0000000709400000|  0%| F|  |TAMS 0x0000000709200000, 0x0000000709200000| Untracked 
|  65|0x0000000709400000, 0x0000000709400000, 0x0000000709600000|  0%| F|  |TAMS 0x0000000709400000, 0x0000000709400000| Untracked 
|  66|0x0000000709600000, 0x0000000709600000, 0x0000000709800000|  0%| F|  |TAMS 0x0000000709600000, 0x0000000709600000| Untracked 
|  67|0x0000000709800000, 0x0000000709800000, 0x0000000709a00000|  0%| F|  |TAMS 0x0000000709800000, 0x0000000709800000| Untracked 
|  68|0x0000000709a00000, 0x0000000709a00000, 0x0000000709c00000|  0%| F|  |TAMS 0x0000000709a00000, 0x0000000709a00000| Untracked 
|  69|0x0000000709c00000, 0x0000000709c00000, 0x0000000709e00000|  0%| F|  |TAMS 0x0000000709c00000, 0x0000000709c00000| Untracked 
|  70|0x0000000709e00000, 0x0000000709e00000, 0x000000070a000000|  0%| F|  |TAMS 0x0000000709e00000, 0x0000000709e00000| Untracked 
|  71|0x000000070a000000, 0x000000070a000000, 0x000000070a200000|  0%| F|  |TAMS 0x000000070a000000, 0x000000070a000000| Untracked 
|  72|0x000000070a200000, 0x000000070a200000, 0x000000070a400000|  0%| F|  |TAMS 0x000000070a200000, 0x000000070a200000| Untracked 
|  73|0x000000070a400000, 0x000000070a400000, 0x000000070a600000|  0%| F|  |TAMS 0x000000070a400000, 0x000000070a400000| Untracked 
|  74|0x000000070a600000, 0x000000070a600000, 0x000000070a800000|  0%| F|  |TAMS 0x000000070a600000, 0x000000070a600000| Untracked 
|  75|0x000000070a800000, 0x000000070a800000, 0x000000070aa00000|  0%| F|  |TAMS 0x000000070a800000, 0x000000070a800000| Untracked 
|  76|0x000000070aa00000, 0x000000070aa00000, 0x000000070ac00000|  0%| F|  |TAMS 0x000000070aa00000, 0x000000070aa00000| Untracked 
|  77|0x000000070ac00000, 0x000000070ac00000, 0x000000070ae00000|  0%| F|  |TAMS 0x000000070ac00000, 0x000000070ac00000| Untracked 
|  78|0x000000070ae00000, 0x000000070ae00000, 0x000000070b000000|  0%| F|  |TAMS 0x000000070ae00000, 0x000000070ae00000| Untracked 
|  97|0x000000070d400000, 0x000000070d400000, 0x000000070d600000|  0%| F|  |TAMS 0x000000070d400000, 0x000000070d400000| Untracked 
|  98|0x000000070d600000, 0x000000070d600000, 0x000000070d800000|  0%| F|  |TAMS 0x000000070d600000, 0x000000070d600000| Untracked 
|  99|0x000000070d800000, 0x000000070d800000, 0x000000070da00000|  0%| F|  |TAMS 0x000000070d800000, 0x000000070d800000| Untracked 
| 100|0x000000070da00000, 0x000000070da00000, 0x000000070dc00000|  0%| F|  |TAMS 0x000000070da00000, 0x000000070da00000| Untracked 
| 101|0x000000070dc00000, 0x000000070de00000, 0x000000070de00000|100%| E|  |TAMS 0x000000070dc00000, 0x000000070dc00000| Complete 
| 102|0x000000070de00000, 0x000000070e000000, 0x000000070e000000|100%| E|CS|TAMS 0x000000070de00000, 0x000000070de00000| Complete 
| 127|0x0000000711000000, 0x0000000711200000, 0x0000000711200000|100%| E|CS|TAMS 0x0000000711000000, 0x0000000711000000| Complete 

Card table byte_map: [0x000001b8dbae0000,0x000001b8dc2e0000] _byte_map_base: 0x000001b8d82d7000

Marking Bits (Prev, Next): (CMBitMap*) 0x000001b8c43e89d0, (CMBitMap*) 0x000001b8c43e8990
 Prev Bits: [0x000001b8e0aa0000, 0x000001b8e4a58000)
 Next Bits: [0x000001b8dcae0000, 0x000001b8e0a98000)

Polling page: 0x000001b8c2300000

Metaspace:

Usage:
  Non-class:     38.68 MB used.
      Class:      4.80 MB used.
       Both:     43.48 MB used.

Virtual space:
  Non-class space:       64.00 MB reserved,      38.94 MB ( 61%) committed,  1 nodes.
      Class space:        1.00 GB reserved,       5.00 MB ( <1%) committed,  1 nodes.
             Both:        1.06 GB reserved,      43.94 MB (  4%) committed. 

Chunk freelists:
   Non-Class:  608.00 KB
       Class:  2.94 MB
        Both:  3.53 MB

MaxMetaspaceSize: unlimited
CompressedClassSpaceSize: 1.00 GB
Initial GC threshold: 21.00 MB
Current GC threshold: 45.25 MB
CDS: on
MetaspaceReclaimPolicy: balanced
 - commit_granule_bytes: 65536.
 - commit_granule_words: 8192.
 - virtual_space_node_default_size: 8388608.
 - enlarge_chunks_in_place: 1.
 - new_chunks_are_fully_committed: 0.
 - uncommit_free_chunks: 1.
 - use_allocation_guard: 0.


Internal statistics:

num_allocs_failed_limit: 3.
num_arena_births: 382.
num_arena_deaths: 0.
num_vsnodes_births: 2.
num_vsnodes_deaths: 0.
num_space_committed: 703.
num_space_uncommitted: 0.
num_chunks_returned_to_freelist: 3.
num_chunks_taken_from_freelist: 1957.
num_chunk_merges: 3.
num_chunk_splits: 1446.
num_chunks_enlarged: 1203.
num_inconsistent_stats: 0.

CodeHeap 'non-profiled nmethods': size=120000Kb used=4012Kb max_used=4940Kb free=115987Kb
 bounds [0x000001b8d3db0000, 0x000001b8d4290000, 0x000001b8db2e0000]
CodeHeap 'profiled nmethods': size=120000Kb used=15378Kb max_used=17192Kb free=104621Kb
 bounds [0x000001b8cc2e0000, 0x000001b8cd3b0000, 0x000001b8d3810000]
CodeHeap 'non-nmethods': size=5760Kb used=1363Kb max_used=1419Kb free=4397Kb
 bounds [0x000001b8d3810000, 0x000001b8d3a80000, 0x000001b8d3db0000]
 total_blobs=7686 nmethods=7086 adapters=510
 compilation: enabled
              stopped_count=0, restarted_count=0
 full_count=0

Compilation events (20 events):
Event: 33.250 Thread 0x000001b8e6d58e70 nmethod 8633 0x000001b8cc619c90 code [0x000001b8cc619e40, 0x000001b8cc61a028]
Event: 33.250 Thread 0x000001b8e6d58e70 8632       1       com.google.common.collect.ImmutableMapEntry::getNextInKeyBucket (2 bytes)
Event: 33.250 Thread 0x000001b8e6d58e70 nmethod 8632 0x000001b8d3f52690 code [0x000001b8d3f52820, 0x000001b8d3f528f8]
Event: 33.261 Thread 0x000001b8e6d58e70 8634       2       java.util.regex.Pattern$SliceNode::<init> (10 bytes)
Event: 33.261 Thread 0x000001b8e6d58e70 nmethod 8634 0x000001b8ccb32890 code [0x000001b8ccb32a40, 0x000001b8ccb32c18]
Event: 33.261 Thread 0x000001b8e6d58e70 8635       3       java.lang.StringBuilder::toString (9 bytes)
Event: 33.261 Thread 0x000001b8e6d58e70 nmethod 8635 0x000001b8cc670110 code [0x000001b8cc6702c0, 0x000001b8cc6704c8]
Event: 33.262 Thread 0x000001b8e6d58e70 8636       2       jdk.internal.org.objectweb.asm.ClassReader::readConst (276 bytes)
Event: 33.263 Thread 0x000001b8e6d58e70 nmethod 8636 0x000001b8cc318f10 code [0x000001b8cc319280, 0x000001b8cc319fb8]
Event: 33.263 Thread 0x000001b8e6d58e70 8637       2       jdk.internal.org.objectweb.asm.Type::getClassName (172 bytes)
Event: 33.264 Thread 0x000001b8e6d58e70 nmethod 8637 0x000001b8cc36a490 code [0x000001b8cc36a740, 0x000001b8cc36b118]
Event: 33.266 Thread 0x000001b8e6d58e70 8638       2       net.thucydides.core.util.SystemEnvironmentVariables$$Lambda$480/0x00000008014ccc60::apply (8 bytes)
Event: 33.266 Thread 0x000001b8e6d58e70 nmethod 8638 0x000001b8ccbaa110 code [0x000001b8ccbaa2a0, 0x000001b8ccbaa3f8]
Event: 33.266 Thread 0x000001b8e6d58e70 8639       2       net.serenitybdd.core.environment.EnvironmentSpecificConfiguration$$Lambda$481/0x00000008014cce88::test (12 bytes)
Event: 33.267 Thread 0x000001b8e6d58e70 nmethod 8639 0x000001b8cc435590 code [0x000001b8cc435800, 0x000001b8cc435d58]
Event: 33.267 Thread 0x000001b8e6d58e70 8640       2       net.serenitybdd.core.environment.EnvironmentSpecificConfiguration$$Lambda$482/0x00000008014cd0c8::test (16 bytes)
Event: 33.267 Thread 0x000001b8e6d58e70 nmethod 8640 0x000001b8cc760690 code [0x000001b8cc760840, 0x000001b8cc7609c8]
Event: 33.268 Thread 0x000001b8e6d58e70 8642 %     3       java.util.regex.Matcher::reset @ 17 (128 bytes)
Event: 33.268 Thread 0x000001b8e6d58e70 nmethod 8642% 0x000001b8cc303090 code [0x000001b8cc3032a0, 0x000001b8cc303968]
Event: 33.269 Thread 0x000001b8e6d58e70 8643       3       java.util.regex.Matcher::reset (128 bytes)

GC Heap History (20 events):
Event: 7.199 GC heap before
{Heap before GC invocations=10 (full 0):
 garbage-first heap   total 92160K, used 62446K [0x0000000701200000, 0x0000000800000000)
  region size 2048K, 10 young (20480K), 2 survivors (4096K)
 Metaspace       used 27405K, committed 27776K, reserved 1114112K
  class space    used 2987K, committed 3200K, reserved 1048576K
}
Event: 7.204 GC heap after
{Heap after GC invocations=11 (full 0):
 garbage-first heap   total 92160K, used 52469K [0x0000000701200000, 0x0000000800000000)
  region size 2048K, 2 young (4096K), 2 survivors (4096K)
 Metaspace       used 27405K, committed 27776K, reserved 1114112K
  class space    used 2987K, committed 3200K, reserved 1048576K
}
Event: 7.316 GC heap before
{Heap before GC invocations=12 (full 0):
 garbage-first heap   total 100352K, used 64757K [0x0000000701200000, 0x0000000800000000)
  region size 2048K, 8 young (16384K), 2 survivors (4096K)
 Metaspace       used 27408K, committed 27776K, reserved 1114112K
  class space    used 2988K, committed 3200K, reserved 1048576K
}
Event: 7.321 GC heap after
{Heap after GC invocations=13 (full 0):
 garbage-first heap   total 100352K, used 56731K [0x0000000701200000, 0x0000000800000000)
  region size 2048K, 1 young (2048K), 1 survivors (2048K)
 Metaspace       used 27408K, committed 27776K, reserved 1114112K
  class space    used 2988K, committed 3200K, reserved 1048576K
}
Event: 7.340 GC heap before
{Heap before GC invocations=13 (full 0):
 garbage-first heap   total 100352K, used 58779K [0x0000000701200000, 0x0000000800000000)
  region size 2048K, 2 young (4096K), 1 survivors (2048K)
 Metaspace       used 27408K, committed 27776K, reserved 1114112K
  class space    used 2988K, committed 3200K, reserved 1048576K
}
Event: 7.343 GC heap after
{Heap after GC invocations=14 (full 0):
 garbage-first heap   total 100352K, used 57411K [0x0000000701200000, 0x0000000800000000)
  region size 2048K, 1 young (2048K), 1 survivors (2048K)
 Metaspace       used 27408K, committed 27776K, reserved 1114112K
  class space    used 2988K, committed 3200K, reserved 1048576K
}
Event: 7.548 GC heap before
{Heap before GC invocations=14 (full 0):
 garbage-first heap   total 100352K, used 69699K [0x0000000701200000, 0x0000000800000000)
  region size 2048K, 8 young (16384K), 1 survivors (2048K)
 Metaspace       used 27492K, committed 27904K, reserved 1114112K
  class space    used 2990K, committed 3200K, reserved 1048576K
}
Event: 7.553 GC heap after
{Heap after GC invocations=15 (full 0):
 garbage-first heap   total 100352K, used 61274K [0x0000000701200000, 0x0000000800000000)
  region size 2048K, 1 young (2048K), 1 survivors (2048K)
 Metaspace       used 27492K, committed 27904K, reserved 1114112K
  class space    used 2990K, committed 3200K, reserved 1048576K
}
Event: 7.972 GC heap before
{Heap before GC invocations=16 (full 0):
 garbage-first heap   total 106496K, used 71514K [0x0000000701200000, 0x0000000800000000)
  region size 2048K, 7 young (14336K), 1 survivors (2048K)
 Metaspace       used 28295K, committed 28672K, reserved 1114112K
  class space    used 3076K, committed 3264K, reserved 1048576K
}
Event: 7.976 GC heap after
{Heap after GC invocations=17 (full 0):
 garbage-first heap   total 106496K, used 62699K [0x0000000701200000, 0x0000000800000000)
  region size 2048K, 1 young (2048K), 1 survivors (2048K)
 Metaspace       used 28295K, committed 28672K, reserved 1114112K
  class space    used 3076K, committed 3264K, reserved 1048576K
}
Event: 7.991 GC heap before
{Heap before GC invocations=17 (full 0):
 garbage-first heap   total 106496K, used 64747K [0x0000000701200000, 0x0000000800000000)
  region size 2048K, 2 young (4096K), 1 survivors (2048K)
 Metaspace       used 28355K, committed 28736K, reserved 1114112K
  class space    used 3091K, committed 3264K, reserved 1048576K
}
Event: 7.995 GC heap after
{Heap after GC invocations=18 (full 0):
 garbage-first heap   total 176128K, used 60472K [0x0000000701200000, 0x0000000800000000)
  region size 2048K, 1 young (2048K), 1 survivors (2048K)
 Metaspace       used 28355K, committed 28736K, reserved 1114112K
  class space    used 3091K, committed 3264K, reserved 1048576K
}
Event: 8.814 GC heap before
{Heap before GC invocations=18 (full 0):
 garbage-first heap   total 176128K, used 107576K [0x0000000701200000, 0x0000000800000000)
  region size 2048K, 25 young (51200K), 1 survivors (2048K)
 Metaspace       used 30700K, committed 31104K, reserved 1114112K
  class space    used 3315K, committed 3520K, reserved 1048576K
}
Event: 8.818 GC heap after
{Heap after GC invocations=19 (full 0):
 garbage-first heap   total 176128K, used 63437K [0x0000000701200000, 0x0000000800000000)
  region size 2048K, 2 young (4096K), 2 survivors (4096K)
 Metaspace       used 30700K, committed 31104K, reserved 1114112K
  class space    used 3315K, committed 3520K, reserved 1048576K
}
Event: 30.778 GC heap before
{Heap before GC invocations=19 (full 0):
 garbage-first heap   total 176128K, used 147405K [0x0000000701200000, 0x0000000800000000)
  region size 2048K, 27 young (55296K), 2 survivors (4096K)
 Metaspace       used 34713K, committed 35200K, reserved 1114112K
  class space    used 3791K, committed 4032K, reserved 1048576K
}
Event: 30.782 GC heap after
{Heap after GC invocations=20 (full 0):
 garbage-first heap   total 176128K, used 66392K [0x0000000701200000, 0x0000000800000000)
  region size 2048K, 3 young (6144K), 3 survivors (6144K)
 Metaspace       used 34713K, committed 35200K, reserved 1114112K
  class space    used 3791K, committed 4032K, reserved 1048576K
}
Event: 32.135 GC heap before
{Heap before GC invocations=20 (full 0):
 garbage-first heap   total 176128K, used 119640K [0x0000000701200000, 0x0000000800000000)
  region size 2048K, 30 young (61440K), 3 survivors (6144K)
 Metaspace       used 34795K, committed 35328K, reserved 1114112K
  class space    used 3797K, committed 4032K, reserved 1048576K
}
Event: 32.140 GC heap after
{Heap after GC invocations=21 (full 0):
 garbage-first heap   total 176128K, used 75045K [0x0000000701200000, 0x0000000800000000)
  region size 2048K, 4 young (8192K), 4 survivors (8192K)
 Metaspace       used 34795K, committed 35328K, reserved 1114112K
  class space    used 3797K, committed 4032K, reserved 1048576K
}
Event: 33.145 GC heap before
{Heap before GC invocations=21 (full 0):
 garbage-first heap   total 176128K, used 124197K [0x0000000701200000, 0x0000000800000000)
  region size 2048K, 28 young (57344K), 4 survivors (8192K)
 Metaspace       used 44055K, committed 44544K, reserved 1114112K
  class space    used 4853K, committed 5056K, reserved 1048576K
}
Event: 33.150 GC heap after
{Heap after GC invocations=22 (full 0):
 garbage-first heap   total 176128K, used 78386K [0x0000000701200000, 0x0000000800000000)
  region size 2048K, 2 young (4096K), 2 survivors (4096K)
 Metaspace       used 44055K, committed 44544K, reserved 1114112K
  class space    used 4853K, committed 5056K, reserved 1048576K
}

Dll operation events (8 events):
Event: 0.006 Loaded shared library C:\Program Files\Java\jdk-19\bin\java.dll
Event: 0.013 Loaded shared library C:\Program Files\Java\jdk-19\bin\jsvml.dll
Event: 0.042 Loaded shared library C:\Program Files\Java\jdk-19\bin\net.dll
Event: 0.043 Loaded shared library C:\Program Files\Java\jdk-19\bin\nio.dll
Event: 0.047 Loaded shared library C:\Program Files\Java\jdk-19\bin\zip.dll
Event: 0.135 Loaded shared library C:\Program Files\Java\jdk-19\bin\jimage.dll
Event: 0.143 Loaded shared library C:\Program Files\apache-maven-3.9.1\lib\jansi-native\Windows\x86_64\jansi.dll
Event: 0.152 Loaded shared library C:\Program Files\Java\jdk-19\bin\verify.dll

Deoptimization events (20 events):
Event: 33.056 Thread 0x000001b8c4378a60 Uncommon trap: trap_request=0xffffffc6 fr.pc=0x000001b8d3f30bf0 relative=0x0000000000000bf0
Event: 33.056 Thread 0x000001b8c4378a60 Uncommon trap: reason=bimorphic_or_optimized_type_check action=maybe_recompile pc=0x000001b8d3f30bf0 method=java.util.regex.Pattern.lambda$negate$7(Ljava/util/regex/Pattern$CharPredicate;I)Z @ 2 c2
Event: 33.056 Thread 0x000001b8c4378a60 DEOPT PACKING pc=0x000001b8d3f30bf0 sp=0x00000079ea0fc750
Event: 33.056 Thread 0x000001b8c4378a60 DEOPT UNPACKING pc=0x000001b8d3876da3 sp=0x00000079ea0fc610 mode 2
Event: 33.056 Thread 0x000001b8c4378a60 Uncommon trap: trap_request=0xffffffc6 fr.pc=0x000001b8d3ee5118 relative=0x0000000000000238
Event: 33.056 Thread 0x000001b8c4378a60 Uncommon trap: reason=bimorphic_or_optimized_type_check action=maybe_recompile pc=0x000001b8d3ee5118 method=java.util.regex.Pattern.lambda$negate$7(Ljava/util/regex/Pattern$CharPredicate;I)Z @ 2 c2
Event: 33.056 Thread 0x000001b8c4378a60 DEOPT PACKING pc=0x000001b8d3ee5118 sp=0x00000079ea0fc6d0
Event: 33.056 Thread 0x000001b8c4378a60 DEOPT UNPACKING pc=0x000001b8d3876da3 sp=0x00000079ea0fc600 mode 2
Event: 33.056 Thread 0x000001b8c4378a60 Uncommon trap: trap_request=0xffffffc6 fr.pc=0x000001b8d3ee5118 relative=0x0000000000000238
Event: 33.056 Thread 0x000001b8c4378a60 Uncommon trap: reason=bimorphic_or_optimized_type_check action=maybe_recompile pc=0x000001b8d3ee5118 method=java.util.regex.Pattern.lambda$negate$7(Ljava/util/regex/Pattern$CharPredicate;I)Z @ 2 c2
Event: 33.056 Thread 0x000001b8c4378a60 DEOPT PACKING pc=0x000001b8d3ee5118 sp=0x00000079ea0fc6d0
Event: 33.056 Thread 0x000001b8c4378a60 DEOPT UNPACKING pc=0x000001b8d3876da3 sp=0x00000079ea0fc600 mode 2
Event: 33.056 Thread 0x000001b8c4378a60 Uncommon trap: trap_request=0xffffffc6 fr.pc=0x000001b8d3ee5118 relative=0x0000000000000238
Event: 33.056 Thread 0x000001b8c4378a60 Uncommon trap: reason=bimorphic_or_optimized_type_check action=maybe_recompile pc=0x000001b8d3ee5118 method=java.util.regex.Pattern.lambda$negate$7(Ljava/util/regex/Pattern$CharPredicate;I)Z @ 2 c2
Event: 33.056 Thread 0x000001b8c4378a60 DEOPT PACKING pc=0x000001b8d3ee5118 sp=0x00000079ea0fc6d0
Event: 33.056 Thread 0x000001b8c4378a60 DEOPT UNPACKING pc=0x000001b8d3876da3 sp=0x00000079ea0fc600 mode 2
Event: 33.058 Thread 0x000001b8c4378a60 Uncommon trap: trap_request=0xffffffc6 fr.pc=0x000001b8d3f30bf0 relative=0x0000000000000bf0
Event: 33.058 Thread 0x000001b8c4378a60 Uncommon trap: reason=bimorphic_or_optimized_type_check action=maybe_recompile pc=0x000001b8d3f30bf0 method=java.util.regex.Pattern.lambda$negate$7(Ljava/util/regex/Pattern$CharPredicate;I)Z @ 2 c2
Event: 33.058 Thread 0x000001b8c4378a60 DEOPT PACKING pc=0x000001b8d3f30bf0 sp=0x00000079ea0fc750
Event: 33.058 Thread 0x000001b8c4378a60 DEOPT UNPACKING pc=0x000001b8d3876da3 sp=0x00000079ea0fc610 mode 2

Classes loaded (20 events):
Event: 32.958 Loading class java/io/CharArrayWriter
Event: 32.958 Loading class java/io/CharArrayWriter done
Event: 32.964 Loading class java/util/regex/Pattern$SliceI
Event: 32.964 Loading class java/util/regex/Pattern$SliceI done
Event: 33.065 Loading class java/util/UUID$Holder
Event: 33.065 Loading class java/util/UUID$Holder done
Event: 33.244 Loading class java/util/stream/DistinctOps
Event: 33.245 Loading class java/util/stream/DistinctOps done
Event: 33.245 Loading class java/util/stream/DistinctOps$1
Event: 33.245 Loading class java/util/stream/DistinctOps$1 done
Event: 33.245 Loading class java/util/stream/DistinctOps$1$2
Event: 33.245 Loading class java/util/stream/DistinctOps$1$2 done
Event: 33.248 Loading class java/util/stream/ReduceOps$5
Event: 33.248 Loading class java/util/stream/ReduceOps$5 done
Event: 33.248 Loading class java/util/stream/ReduceOps$CountingSink$OfRef
Event: 33.248 Loading class java/util/stream/ReduceOps$CountingSink
Event: 33.248 Loading class java/util/stream/ReduceOps$CountingSink done
Event: 33.248 Loading class java/util/stream/ReduceOps$CountingSink$OfRef done
Event: 33.257 Loading class java/util/concurrent/CopyOnWriteArraySet
Event: 33.257 Loading class java/util/concurrent/CopyOnWriteArraySet done

Classes unloaded (0 events):
No events

Classes redefined (0 events):
No events

Internal exceptions (20 events):
Event: 31.827 Thread 0x000001b8c4378a60 Exception <a 'sun/nio/fs/WindowsException'{0x0000000709cf4d30}> (0x0000000709cf4d30) 
thrown [s\open\src\hotspot\share\prims\jni.cpp, line 517]
Event: 31.827 Thread 0x000001b8c4378a60 Exception <a 'sun/nio/fs/WindowsException'{0x0000000709cf5d58}> (0x0000000709cf5d58) 
thrown [s\open\src\hotspot\share\prims\jni.cpp, line 517]
Event: 31.827 Thread 0x000001b8c4378a60 Exception <a 'sun/nio/fs/WindowsException'{0x0000000709cf6e80}> (0x0000000709cf6e80) 
thrown [s\open\src\hotspot\share\prims\jni.cpp, line 517]
Event: 32.128 Thread 0x000001b8c4378a60 Exception <a 'sun/nio/fs/WindowsException'{0x00000007088db748}> (0x00000007088db748) 
thrown [s\open\src\hotspot\share\prims\jni.cpp, line 517]
Event: 32.128 Thread 0x000001b8c4378a60 Exception <a 'sun/nio/fs/WindowsException'{0x00000007088dce88}> (0x00000007088dce88) 
thrown [s\open\src\hotspot\share\prims\jni.cpp, line 517]
Event: 32.129 Thread 0x000001b8c4378a60 Exception <a 'sun/nio/fs/WindowsException'{0x00000007088de5d8}> (0x00000007088de5d8) 
thrown [s\open\src\hotspot\share\prims\jni.cpp, line 517]
Event: 32.129 Thread 0x000001b8c4378a60 Exception <a 'sun/nio/fs/WindowsException'{0x00000007088dfd88}> (0x00000007088dfd88) 
thrown [s\open\src\hotspot\share\prims\jni.cpp, line 517]
Event: 32.129 Thread 0x000001b8c4378a60 Exception <a 'sun/nio/fs/WindowsException'{0x00000007088e1610}> (0x00000007088e1610) 
thrown [s\open\src\hotspot\share\prims\jni.cpp, line 517]
Event: 32.158 Thread 0x000001b8c4378a60 Exception <a 'sun/nio/fs/WindowsException'{0x000000070de15208}> (0x000000070de15208) 
thrown [s\open\src\hotspot\share\prims\jni.cpp, line 517]
Event: 32.158 Thread 0x000001b8c4378a60 Exception <a 'sun/nio/fs/WindowsException'{0x000000070de16998}> (0x000000070de16998) 
thrown [s\open\src\hotspot\share\prims\jni.cpp, line 517]
Event: 32.158 Thread 0x000001b8c4378a60 Exception <a 'sun/nio/fs/WindowsException'{0x000000070de18140}> (0x000000070de18140) 
thrown [s\open\src\hotspot\share\prims\jni.cpp, line 517]
Event: 32.158 Thread 0x000001b8c4378a60 Exception <a 'sun/nio/fs/WindowsException'{0x000000070de19948}> (0x000000070de19948) 
thrown [s\open\src\hotspot\share\prims\jni.cpp, line 517]
Event: 32.158 Thread 0x000001b8c4378a60 Exception <a 'sun/nio/fs/WindowsException'{0x000000070de1b228}> (0x000000070de1b228) 
thrown [s\open\src\hotspot\share\prims\jni.cpp, line 517]
Event: 32.686 Thread 0x000001b8c4378a60 Exception <a 'java/lang/IncompatibleClassChangeError'{0x000000070a5afca8}: Found class java.lang.Object, but interface was expected> (0x000000070a5afca8) 
thrown [s\open\src\hotspot\share\interpreter\linkResolver.cpp, line 841]
Event: 32.907 Thread 0x000001b8f10cb7f0 Exception <a 'sun/nio/fs/WindowsException'{0x0000000709bcb258}> (0x0000000709bcb258) 
thrown [s\open\src\hotspot\share\prims\jni.cpp, line 517]
Event: 32.907 Thread 0x000001b8f10cb7f0 Exception <a 'sun/nio/fs/WindowsException'{0x0000000709bcb4e8}> (0x0000000709bcb4e8) 
thrown [s\open\src\hotspot\share\prims\jni.cpp, line 517]
Event: 32.916 Thread 0x000001b8f10cb7f0 Exception <a 'java/lang/NoSuchMethodError'{0x0000000709806b98}: 'void java.lang.invoke.DelegatingMethodHandle$Holder.reinvoke_L(java.lang.Object, java.lang.Object, long)'> (0x0000000709806b98) 
thrown [s\open\src\hotspot\share\interpreter\linkResolver.cpp, line 774]
Event: 32.947 Thread 0x000001b8c4378a60 Exception <a 'java/lang/NoSuchMethodError'{0x00000007099f3a20}: 'void java.lang.invoke.DirectMethodHandle$Holder.invokeStatic(java.lang.Object, java.lang.Object, java.lang.Object, java.lang.Object)'> (0x00000007099f3a20) 
thrown [s\open\src\hotspot\share\interpreter\linkResolver.cpp, line 774]
Event: 32.951 Thread 0x000001b8c4378a60 Exception <a 'java/lang/IncompatibleClassChangeError'{0x0000000709612040}: Found class java.lang.Object, but interface was expected> (0x0000000709612040) 
thrown [s\open\src\hotspot\share\interpreter\linkResolver.cpp, line 841]
Event: 33.239 Thread 0x000001b8c4378a60 Exception <a 'java/lang/IncompatibleClassChangeError'{0x0000000711094500}: Found class java.lang.Object, but interface was expected> (0x0000000711094500) 
thrown [s\open\src\hotspot\share\interpreter\linkResolver.cpp, line 841]

VM Operations (20 events):
Event: 32.135 Executing VM operation: G1CollectForAllocation
Event: 32.140 Executing VM operation: G1CollectForAllocation done
Event: 32.692 Executing VM operation: HandshakeAllThreads
Event: 32.692 Executing VM operation: HandshakeAllThreads done
Event: 32.696 Executing VM operation: HandshakeAllThreads
Event: 32.696 Executing VM operation: HandshakeAllThreads done
Event: 32.739 Executing VM operation: HandshakeAllThreads
Event: 32.739 Executing VM operation: HandshakeAllThreads done
Event: 32.779 Executing VM operation: HandshakeAllThreads
Event: 32.780 Executing VM operation: HandshakeAllThreads done
Event: 32.783 Executing VM operation: ICBufferFull
Event: 32.784 Executing VM operation: ICBufferFull done
Event: 32.792 Executing VM operation: HandshakeAllThreads
Event: 32.792 Executing VM operation: HandshakeAllThreads done
Event: 32.900 Executing VM operation: HandshakeAllThreads
Event: 32.900 Executing VM operation: HandshakeAllThreads done
Event: 32.945 Executing VM operation: HandshakeAllThreads
Event: 32.945 Executing VM operation: HandshakeAllThreads done
Event: 33.145 Executing VM operation: G1CollectForAllocation
Event: 33.150 Executing VM operation: G1CollectForAllocation done

Events (20 events):
Event: 32.800 Thread 0x000001b8eb120090 flushing nmethod 0x000001b8cd0b7610
Event: 32.800 Thread 0x000001b8eb120090 flushing nmethod 0x000001b8cd0cc510
Event: 32.800 Thread 0x000001b8eb120090 flushing nmethod 0x000001b8cd155890
Event: 32.800 Thread 0x000001b8eb120090 flushing nmethod 0x000001b8cd158390
Event: 32.800 Thread 0x000001b8eb120090 flushing nmethod 0x000001b8cd15c090
Event: 32.800 Thread 0x000001b8eb120090 flushing nmethod 0x000001b8cd172c10
Event: 32.800 Thread 0x000001b8eb120090 flushing nmethod 0x000001b8cd176210
Event: 32.800 Thread 0x000001b8eb120090 flushing nmethod 0x000001b8cd18da10
Event: 32.800 Thread 0x000001b8eb120090 flushing nmethod 0x000001b8cd19ef10
Event: 32.800 Thread 0x000001b8eb120090 flushing nmethod 0x000001b8cd244990
Event: 32.800 Thread 0x000001b8eb120090 flushing nmethod 0x000001b8cd281790
Event: 32.800 Thread 0x000001b8eb120090 flushing nmethod 0x000001b8cd284010
Event: 32.800 Thread 0x000001b8eb120090 flushing nmethod 0x000001b8cd285210
Event: 32.800 Thread 0x000001b8eb120090 flushing nmethod 0x000001b8cd28d510
Event: 32.801 Thread 0x000001b8eb120090 flushing nmethod 0x000001b8cd2dd690
Event: 32.801 Thread 0x000001b8eb120090 flushing nmethod 0x000001b8cd2e8690
Event: 32.801 Thread 0x000001b8eb120090 flushing nmethod 0x000001b8cd2e8a90
Event: 32.801 Thread 0x000001b8eb120090 flushing nmethod 0x000001b8cd2ea890
Event: 32.870 Thread 0x000001b8f10cb7f0 Thread added: 0x000001b8f10cb7f0
Event: 32.932 Thread 0x000001b8f10cb7f0 Thread exited: 0x000001b8f10cb7f0


Dynamic libraries:
0x00007ff6ea570000 - 0x00007ff6ea580000 	C:\Program Files\Java\jdk-19\bin\java.exe
0x00007ffbb5950000 - 0x00007ffbb5b64000 	C:\Windows\SYSTEM32\ntdll.dll
0x00007ffbb45e0000 - 0x00007ffbb46a2000 	C:\Windows\System32\KERNEL32.DLL
0x00007ffbb3190000 - 0x00007ffbb352c000 	C:\Windows\System32\KERNELBASE.dll
0x00007ffbb3650000 - 0x00007ffbb3761000 	C:\Windows\System32\ucrtbase.dll
0x00007ffba0e30000 - 0x00007ffba0e48000 	C:\Program Files\Java\jdk-19\bin\jli.dll
0x00007ffbb5690000 - 0x00007ffbb573e000 	C:\Windows\System32\ADVAPI32.dll
0x00007ffbb4d80000 - 0x00007ffbb4e27000 	C:\Windows\System32\msvcrt.dll
0x00007ffbb5760000 - 0x00007ffbb5804000 	C:\Windows\System32\sechost.dll
0x00007ffb986a0000 - 0x00007ffb986bb000 	C:\Program Files\Java\jdk-19\bin\VCRUNTIME140.dll
0x00007ffbb4900000 - 0x00007ffbb4a15000 	C:\Windows\System32\RPCRT4.dll
0x00007ffbb3a50000 - 0x00007ffbb3bfb000 	C:\Windows\System32\USER32.dll
0x00007ffbb3620000 - 0x00007ffbb3646000 	C:\Windows\System32\win32u.dll
0x00007ffbb46b0000 - 0x00007ffbb46d9000 	C:\Windows\System32\GDI32.dll
0x00007ffbb2f10000 - 0x00007ffbb3022000 	C:\Windows\System32\gdi32full.dll
0x00007ffbb30f0000 - 0x00007ffbb318a000 	C:\Windows\System32\msvcp_win.dll
0x00007ffb9ff60000 - 0x00007ffba01ee000 	C:\Windows\WinSxS\amd64_microsoft.windows.common-controls_6595b64144ccf1df_6.0.22621.1_none_60e502bd9af5bef0\COMCTL32.dll
0x00007ffbaa820000 - 0x00007ffbaa82a000 	C:\Windows\SYSTEM32\VERSION.dll
0x00007ffbb39a0000 - 0x00007ffbb39d1000 	C:\Windows\System32\IMM32.DLL
0x00007ffba2370000 - 0x00007ffba237c000 	C:\Program Files\Java\jdk-19\bin\vcruntime140_1.dll
0x00007ffb77a00000 - 0x00007ffb77a8e000 	C:\Program Files\Java\jdk-19\bin\msvcp140.dll
0x00007ffb6b410000 - 0x00007ffb6c0d0000 	C:\Program Files\Java\jdk-19\bin\server\jvm.dll
0x00007ffbabb70000 - 0x00007ffbabba4000 	C:\Windows\SYSTEM32\WINMM.dll
0x00007ffbb0130000 - 0x00007ffbb0139000 	C:\Windows\SYSTEM32\WSOCK32.dll
0x00007ffbb4ca0000 - 0x00007ffbb4d11000 	C:\Windows\System32\WS2_32.dll
0x00007ffbb1f00000 - 0x00007ffbb1f18000 	C:\Windows\SYSTEM32\kernel.appcore.dll
0x00007ffb9c520000 - 0x00007ffb9c52a000 	C:\Program Files\Java\jdk-19\bin\jimage.dll
0x00007ffba9b80000 - 0x00007ffba9dae000 	C:\Windows\SYSTEM32\DBGHELP.DLL
0x00007ffbb5300000 - 0x00007ffbb5689000 	C:\Windows\System32\combase.dll
0x00007ffbb3d10000 - 0x00007ffbb3de7000 	C:\Windows\System32\OLEAUT32.dll
0x00007ffb9c3f0000 - 0x00007ffb9c422000 	C:\Windows\SYSTEM32\dbgcore.DLL
0x00007ffbb3530000 - 0x00007ffbb35ab000 	C:\Windows\System32\bcryptPrimitives.dll
0x00007ffb97960000 - 0x00007ffb97986000 	C:\Program Files\Java\jdk-19\bin\java.dll
0x00007ffb76fa0000 - 0x00007ffb77077000 	C:\Program Files\Java\jdk-19\bin\jsvml.dll
0x00007ffbb3df0000 - 0x00007ffbb45c8000 	C:\Windows\System32\SHELL32.dll
0x00007ffbb0de0000 - 0x00007ffbb1698000 	C:\Windows\SYSTEM32\windows.storage.dll
0x00007ffbb0ca0000 - 0x00007ffbb0ddd000 	C:\Windows\SYSTEM32\wintypes.dll
0x00007ffbb5810000 - 0x00007ffbb5901000 	C:\Windows\System32\SHCORE.dll
0x00007ffbb39e0000 - 0x00007ffbb3a3e000 	C:\Windows\System32\shlwapi.dll
0x00007ffbb2cd0000 - 0x00007ffbb2cf1000 	C:\Windows\SYSTEM32\profapi.dll
0x00007ffb925e0000 - 0x00007ffb925f3000 	C:\Program Files\Java\jdk-19\bin\net.dll
0x00007ffbabec0000 - 0x00007ffbabfef000 	C:\Windows\SYSTEM32\WINHTTP.dll
0x00007ffbb2360000 - 0x00007ffbb23c9000 	C:\Windows\system32\mswsock.dll
0x00007ffb925c0000 - 0x00007ffb925d6000 	C:\Program Files\Java\jdk-19\bin\nio.dll
0x00007ffb925a0000 - 0x00007ffb925b8000 	C:\Program Files\Java\jdk-19\bin\zip.dll
0x0000000069ac0000 - 0x0000000069ae4000 	C:\Program Files\apache-maven-3.9.1\lib\jansi-native\Windows\x86_64\jansi.dll
0x00007ffb9a870000 - 0x00007ffb9a880000 	C:\Program Files\Java\jdk-19\bin\verify.dll
0x00007ffbb1f20000 - 0x00007ffbb1f54000 	C:\Windows\SYSTEM32\ntmarta.dll
0x00007ffbb25b0000 - 0x00007ffbb25cb000 	C:\Windows\SYSTEM32\CRYPTSP.dll
0x00007ffbb1e00000 - 0x00007ffbb1e35000 	C:\Windows\system32\rsaenh.dll
0x00007ffbb2460000 - 0x00007ffbb2488000 	C:\Windows\SYSTEM32\USERENV.dll
0x00007ffbb2770000 - 0x00007ffbb2798000 	C:\Windows\SYSTEM32\bcrypt.dll
0x00007ffbb25d0000 - 0x00007ffbb25dc000 	C:\Windows\SYSTEM32\CRYPTBASE.dll
0x00007ffbb1930000 - 0x00007ffbb195d000 	C:\Windows\SYSTEM32\IPHLPAPI.DLL
0x00007ffbb45d0000 - 0x00007ffbb45d9000 	C:\Windows\System32\NSI.dll
0x00007ffbabcb0000 - 0x00007ffbabcc9000 	C:\Windows\SYSTEM32\dhcpcsvc6.DLL
0x00007ffbabc60000 - 0x00007ffbabc7f000 	C:\Windows\SYSTEM32\dhcpcsvc.DLL
0x00007ffbb19b0000 - 0x00007ffbb1aa2000 	C:\Windows\SYSTEM32\DNSAPI.dll

dbghelp: loaded successfully - version: 4.0.5 - missing functions: none
symbol engine: initialized successfully - sym options: 0x614 - pdb path: .;C:\Program Files\Java\jdk-19\bin;C:\Windows\SYSTEM32;C:\Windows\WinSxS\amd64_microsoft.windows.common-controls_6595b64144ccf1df_6.0.22621.1_none_60e502bd9af5bef0;C:\Program Files\Java\jdk-19\bin\server;C:\Program Files\apache-maven-3.9.1\lib\jansi-native\Windows\x86_64

VM Arguments:
jvm_args: -Dclassworlds.conf=C:\Program Files\apache-maven-3.9.1\bin\m2.conf -Dmaven.home=C:\Program Files\apache-maven-3.9.1 -Dlibrary.jansi.path=C:\Program Files\apache-maven-3.9.1\lib\jansi-native -Dmaven.multiModuleProjectDirectory=C:\Users\Admin\IdeaProjects\miniproject-mobile 
java_command: org.codehaus.plexus.classworlds.launcher.Launcher clean verify
java_class_path (initial): C:\Program Files\apache-maven-3.9.1\boot\plexus-classworlds-2.6.0.jar
Launcher Type: SUN_STANDARD

[Global flags]
     intx CICompilerCount                          = 3                                         {product} {ergonomic}
     uint ConcGCThreads                            = 1                                         {product} {ergonomic}
     uint G1ConcRefinementThreads                  = 4                                         {product} {ergonomic}
   size_t G1HeapRegionSize                         = 2097152                                   {product} {ergonomic}
    uintx GCDrainStackTargetSize                   = 64                                        {product} {ergonomic}
   size_t InitialHeapSize                          = 268435456                                 {product} {ergonomic}
   size_t MarkStackSize                            = 4194304                                   {product} {ergonomic}
   size_t MaxHeapSize                              = 4276092928                                {product} {ergonomic}
   size_t MaxNewSize                               = 2564816896                                {product} {ergonomic}
   size_t MinHeapDeltaBytes                        = 2097152                                   {product} {ergonomic}
   size_t MinHeapSize                              = 8388608                                   {product} {ergonomic}
    uintx NonNMethodCodeHeapSize                   = 5832780                                {pd product} {ergonomic}
    uintx NonProfiledCodeHeapSize                  = 122912730                              {pd product} {ergonomic}
    uintx ProfiledCodeHeapSize                     = 122912730                              {pd product} {ergonomic}
    uintx ReservedCodeCacheSize                    = 251658240                              {pd product} {ergonomic}
     bool SegmentedCodeCache                       = true                                      {product} {ergonomic}
   size_t SoftMaxHeapSize                          = 4276092928                             {manageable} {ergonomic}
     bool UseCompressedClassPointers               = true                           {product lp64_product} {ergonomic}
     bool UseCompressedOops                        = true                           {product lp64_product} {ergonomic}
     bool UseG1GC                                  = true                                      {product} {ergonomic}
     bool UseLargePagesIndividualAllocation        = false                                  {pd product} {ergonomic}

Logging:
Log output configuration:
 #0: stdout all=warning uptime,level,tags foldmultilines=false
 #1: stderr all=off uptime,level,tags foldmultilines=false

Environment Variables:
JAVA_HOME=C:\Program Files\Java\jdk-19
PATH=C:\Program Files\Common Files\Oracle\Java\javapath;C:\Program Files (x86)\Common Files\Oracle\Java\javapath;C:\Windows\system32;C:\Windows;C:\Windows\System32\Wbem;C:\Windows\System32\WindowsPowerShell\v1.0\;C:\Windows\System32\OpenSSH\;C:\Program Files\Git\cmd;C:\Program Files\apache-maven-3.9.1\bin;C:\Program Files\Java\jdk-19\bin;C:\Program Files\nodejs\;C:\platform-tools;C:\Users\Admin\Documents\xray_windows_amd64.exe;C:\Users\Admin\AppData\Local\Programs\Python\Python311\;C:\Users\Admin\AppData\Local\Microsoft\WindowsApps;C:\Users\Admin\AppData\Local\GitHubDesktop\bin;C:\Users\Admin\AppData\Local\Programs\Microsoft VS Code\bin;C:\Users\Admin\AppData\Roaming\npm
USERNAME=Admin
OS=Windows_NT
PROCESSOR_IDENTIFIER=Intel64 Family 6 Model 94 Stepping 3, GenuineIntel
TMP=C:\Users\Admin\AppData\Local\Temp
TEMP=C:\Users\Admin\AppData\Local\Temp



---------------  S Y S T E M  ---------------

OS:
 Windows 11 , 64 bit Build 22621 (10.0.22621.1)
OS uptime: 0 days 5:22 hours

CPU: total 4 (initial active 4) (4 cores per cpu, 1 threads per core) family 6 model 94 stepping 3 microcode 0xd6, cx8, cmov, fxsr, mmx, 3dnowpref, sse, sse2, sse3, ssse3, sse4.1, sse4.2, popcnt, lzcnt, tsc, tscinvbit, avx, avx2, aes, erms, clmul, bmi1, bmi2, rtm, adx, fma, vzeroupper, clflush, clflushopt, rdtscp

Memory: 4k page, system-wide physical 16311M (4552M free)
TotalPageFile size 16311M (AvailPageFile size 2M)
current process WorkingSet (physical memory assigned to process): 526M, peak: 526M
current process commit charge ("private bytes"): 577M, peak: 577M

vm_info: Java HotSpot(TM) 64-Bit Server VM (19.0.2+7-44) for windows-amd64 JRE (19.0.2+7-44), built on 2022-11-30T18:02:09Z by "mach5one" with MS VC++ 17.1 (VS2022)

END.
