#
# There is insufficient memory for the Java Runtime Environment to continue.
# Native memory allocation (mmap) failed to map 268435456 bytes for G1 virtual space
# Possible reasons:
#   The system is out of physical RAM or swap space
#   The process is running with CompressedOops enabled, and the Java Heap may be blocking the growth of the native heap
# Possible solutions:
#   Reduce memory load on the system
#   Increase physical memory or swap space
#   Check if swap backing store is full
#   Decrease Java heap size (-Xmx/-Xms)
#   Decrease number of Java threads
#   Decrease Java thread stack sizes (-Xss)
#   Set larger code cache with -XX:ReservedCodeCacheSize=
#   JVM is running with Unscaled Compressed Oops mode in which the Java heap is
#     placed in the first 4GB address space. The Java Heap base address is the
#     maximum limit for the native heap growth. Please use -XX:HeapBaseMinAddress
#     to set the Java Heap base and to place the Java Heap above 4GB virtual address.
# This output file may be truncated or incomplete.
#
#  Out of Memory Error (os_windows.cpp:3536), pid=6596, tid=1932
#
# JRE version:  (19.0.2+7) (build )
# Java VM: Java HotSpot(TM) 64-Bit Server VM (19.0.2+7-44, mixed mode, sharing, tiered, compressed oops, compressed class ptrs, g1 gc, windows-amd64)
# No core dump will be written. Minidumps are not enabled by default on client versions of Windows
#

---------------  S U M M A R Y ------------

Command Line: -Xmx512m C:\Users\Admin\IdeaProjects\miniproject-mobile\target\surefire\surefirebooter11369530145804651754.jar C:\Users\Admin\IdeaProjects\miniproject-mobile\target\surefire\surefire1523842055078655723tmp C:\Users\Admin\IdeaProjects\miniproject-mobile\target\surefire\surefire_03179608629735470105tmp

Host: Intel(R) Core(TM) i5-6600 CPU @ 3.30GHz, 4 cores, 15G,  Windows 11 , 64 bit Build 22621 (10.0.22621.1)
Time: Thu May  4 13:51:39 2023 SE Asia Standard Time elapsed time: 0.007959 seconds (0d 0h 0m 0s)

---------------  T H R E A D  ---------------

Current thread (0x0000013540408a40):  JavaThread "Unknown thread" [_thread_in_vm, id=1932, stack(0x0000002eb8b00000,0x0000002eb8c00000)]

Stack: [0x0000002eb8b00000,0x0000002eb8c00000]
Native frames: (J=compiled Java code, j=interpreted, Vv=VM code, C=native code)
V  [jvm.dll+0x6ee21a]
V  [jvm.dll+0x85765e]
V  [jvm.dll+0x85904e]
V  [jvm.dll+0x859703]
V  [jvm.dll+0x28298f]
V  [jvm.dll+0x6eb009]
V  [jvm.dll+0x6dfbaa]
V  [jvm.dll+0x3573f6]
V  [jvm.dll+0x35ee56]
V  [jvm.dll+0x3b541e]
V  [jvm.dll+0x3b564f]
V  [jvm.dll+0x32c9ea]
V  [jvm.dll+0x32d89e]
V  [jvm.dll+0x821780]
V  [jvm.dll+0x3c2661]
V  [jvm.dll+0x801f51]
V  [jvm.dll+0x44ae8f]
V  [jvm.dll+0x44c811]
C  [jli.dll+0x5287]
C  [ucrtbase.dll+0x29363]
C  [KERNEL32.DLL+0x1244d]
C  [ntdll.dll+0x5df88]


---------------  P R O C E S S  ---------------

Threads class SMR info:
_java_thread_list=0x00007ffb6bf8d048, length=0, elements={
}

Java Threads: ( => current thread )

Other Threads:
  0x000001354043b980 WorkerThread "GC Thread#0" [stack: 0x0000002eb8c00000,0x0000002eb8d00000] [id=10348]
  0x0000013540440be0 ConcurrentGCThread "G1 Main Marker" [stack: 0x0000002eb8d00000,0x0000002eb8e00000] [id=9692]
  0x0000013540441db0 WorkerThread "G1 Conc#0" [stack: 0x0000002eb8e00000,0x0000002eb8f00000] [id=5528]

[error occurred during error reporting (printing all threads), id 0xc0000005, EXCEPTION_ACCESS_VIOLATION (0xc0000005) at pc=0x00007ffb6b74d427]

VM state: not at safepoint (not fully initialized)

VM Mutex/Monitor currently owned by a thread:  ([mutex/lock_event])
[0x0000013540407ce0] Heap_lock - owner thread: 0x0000013540408a40

Heap address: 0x00000000e0000000, size: 512 MB, Compressed Oops mode: 32-bit

CDS archive(s) mapped at: [0x0000000000000000-0x0000000000000000-0x0000000000000000), size 0, SharedBaseAddress: 0x0000000800000000, ArchiveRelocationMode: 0.
Narrow klass base: 0x0000000000000000, Narrow klass shift: 0, Narrow klass range: 0x0

GC Precious Log:
 CardTable entry size: 512
 Card Set container configuration: InlinePtr #cards 5 size 8 Array Of Cards #cards 12 size 40 Howl #buckets 4 coarsen threshold 1843 Howl Bitmap #cards 512 size 80 coarsen threshold 460 Card regions per heap region 1 cards per card region 2048

Heap:
 garbage-first heap   total 0K, used 0K [0x00000000e0000000, 0x0000000100000000)
  region size 1024K, 0 young (0K), 0 survivors (0K)

[error occurred during error reporting (printing heap information), id 0xc0000005, EXCEPTION_ACCESS_VIOLATION (0xc0000005) at pc=0x00007ffb6bb56649]

GC Heap History (0 events):
No events

Dll operation events (1 events):
Event: 0.005 Loaded shared library C:\Program Files\Java\jdk-19\bin\java.dll

Deoptimization events (0 events):
No events

Classes loaded (0 events):
No events

Classes unloaded (0 events):
No events

Classes redefined (0 events):
No events

Internal exceptions (0 events):
No events

VM Operations (0 events):
No events

Events (0 events):
No events


Dynamic libraries:
0x00007ff6ea570000 - 0x00007ff6ea580000 	C:\Program Files\Java\jdk-19\bin\java.exe
0x00007ffbb5950000 - 0x00007ffbb5b64000 	C:\Windows\SYSTEM32\ntdll.dll
0x00007ffbb45e0000 - 0x00007ffbb46a2000 	C:\Windows\System32\KERNEL32.DLL
0x00007ffbb3190000 - 0x00007ffbb352c000 	C:\Windows\System32\KERNELBASE.dll
0x00007ffbb3650000 - 0x00007ffbb3761000 	C:\Windows\System32\ucrtbase.dll
0x00007ffba0e30000 - 0x00007ffba0e48000 	C:\Program Files\Java\jdk-19\bin\jli.dll
0x00007ffb986a0000 - 0x00007ffb986bb000 	C:\Program Files\Java\jdk-19\bin\VCRUNTIME140.dll
0x00007ffbb5690000 - 0x00007ffbb573e000 	C:\Windows\System32\ADVAPI32.dll
0x00007ffbb4d80000 - 0x00007ffbb4e27000 	C:\Windows\System32\msvcrt.dll
0x00007ffbb5760000 - 0x00007ffbb5804000 	C:\Windows\System32\sechost.dll
0x00007ffbb4900000 - 0x00007ffbb4a15000 	C:\Windows\System32\RPCRT4.dll
0x00007ffbb3a50000 - 0x00007ffbb3bfb000 	C:\Windows\System32\USER32.dll
0x00007ffbb3620000 - 0x00007ffbb3646000 	C:\Windows\System32\win32u.dll
0x00007ffbb46b0000 - 0x00007ffbb46d9000 	C:\Windows\System32\GDI32.dll
0x00007ffbb2f10000 - 0x00007ffbb3022000 	C:\Windows\System32\gdi32full.dll
0x00007ffbb30f0000 - 0x00007ffbb318a000 	C:\Windows\System32\msvcp_win.dll
0x00007ffb9ff60000 - 0x00007ffba01ee000 	C:\Windows\WinSxS\amd64_microsoft.windows.common-controls_6595b64144ccf1df_6.0.22621.1_none_60e502bd9af5bef0\COMCTL32.dll
0x00007ffbaa820000 - 0x00007ffbaa82a000 	C:\Windows\SYSTEM32\VERSION.dll
0x00007ffbb39a0000 - 0x00007ffbb39d1000 	C:\Windows\System32\IMM32.DLL
0x00007ffba2370000 - 0x00007ffba237c000 	C:\Program Files\Java\jdk-19\bin\vcruntime140_1.dll
0x00007ffb77a00000 - 0x00007ffb77a8e000 	C:\Program Files\Java\jdk-19\bin\msvcp140.dll
0x00007ffb6b410000 - 0x00007ffb6c0d0000 	C:\Program Files\Java\jdk-19\bin\server\jvm.dll
0x00007ffbabb70000 - 0x00007ffbabba4000 	C:\Windows\SYSTEM32\WINMM.dll
0x00007ffbb0130000 - 0x00007ffbb0139000 	C:\Windows\SYSTEM32\WSOCK32.dll
0x00007ffbb4ca0000 - 0x00007ffbb4d11000 	C:\Windows\System32\WS2_32.dll
0x00007ffbb1f00000 - 0x00007ffbb1f18000 	C:\Windows\SYSTEM32\kernel.appcore.dll
0x00007ffb9c520000 - 0x00007ffb9c52a000 	C:\Program Files\Java\jdk-19\bin\jimage.dll
0x00007ffba9b80000 - 0x00007ffba9dae000 	C:\Windows\SYSTEM32\DBGHELP.DLL
0x00007ffbb5300000 - 0x00007ffbb5689000 	C:\Windows\System32\combase.dll
0x00007ffbb3d10000 - 0x00007ffbb3de7000 	C:\Windows\System32\OLEAUT32.dll
0x00007ffb9c3f0000 - 0x00007ffb9c422000 	C:\Windows\SYSTEM32\dbgcore.DLL
0x00007ffbb3530000 - 0x00007ffbb35ab000 	C:\Windows\System32\bcryptPrimitives.dll
0x00007ffb97960000 - 0x00007ffb97986000 	C:\Program Files\Java\jdk-19\bin\java.dll

dbghelp: loaded successfully - version: 4.0.5 - missing functions: none
symbol engine: initialized successfully - sym options: 0x614 - pdb path: .;C:\Program Files\Java\jdk-19\bin;C:\Windows\SYSTEM32;C:\Windows\WinSxS\amd64_microsoft.windows.common-controls_6595b64144ccf1df_6.0.22621.1_none_60e502bd9af5bef0;C:\Program Files\Java\jdk-19\bin\server

VM Arguments:
jvm_args: -Xmx512m 
java_command: C:\Users\Admin\IdeaProjects\miniproject-mobile\target\surefire\surefirebooter11369530145804651754.jar C:\Users\Admin\IdeaProjects\miniproject-mobile\target\surefire\surefire1523842055078655723tmp C:\Users\Admin\IdeaProjects\miniproject-mobile\target\surefire\surefire_03179608629735470105tmp
java_class_path (initial): C:\Users\Admin\IdeaProjects\miniproject-mobile\target\surefire\surefirebooter11369530145804651754.jar
Launcher Type: SUN_STANDARD

[Global flags]
     intx CICompilerCount                          = 3                                         {product} {ergonomic}
     uint ConcGCThreads                            = 1                                         {product} {ergonomic}
     uint G1ConcRefinementThreads                  = 4                                         {product} {ergonomic}
   size_t G1HeapRegionSize                         = 1048576                                   {product} {ergonomic}
    uintx GCDrainStackTargetSize                   = 64                                        {product} {ergonomic}
   size_t InitialHeapSize                          = 268435456                                 {product} {ergonomic}
   size_t MarkStackSize                            = 4194304                                   {product} {ergonomic}
   size_t MaxHeapSize                              = 536870912                                 {product} {command line}
   size_t MinHeapDeltaBytes                        = 1048576                                   {product} {ergonomic}
   size_t MinHeapSize                              = 8388608                                   {product} {ergonomic}
    uintx NonNMethodCodeHeapSize                   = 5832780                                {pd product} {ergonomic}
    uintx NonProfiledCodeHeapSize                  = 122912730                              {pd product} {ergonomic}
    uintx ProfiledCodeHeapSize                     = 122912730                              {pd product} {ergonomic}
    uintx ReservedCodeCacheSize                    = 251658240                              {pd product} {ergonomic}
     bool SegmentedCodeCache                       = true                                      {product} {ergonomic}
   size_t SoftMaxHeapSize                          = 536870912                              {manageable} {ergonomic}
     bool UseCompressedClassPointers               = true                           {product lp64_product} {ergonomic}
     bool UseCompressedOops                        = true                           {product lp64_product} {ergonomic}
     bool UseG1GC                                  = true                                      {product} {ergonomic}
     bool UseLargePagesIndividualAllocation        = false                                  {pd product} {ergonomic}

Logging:
Log output configuration:
 #0: stdout all=warning uptime,level,tags foldmultilines=false
 #1: stderr all=off uptime,level,tags foldmultilines=false

Environment Variables:
JAVA_HOME=C:\Program Files\Java\jdk-19
PATH=C:\Program Files\Common Files\Oracle\Java\javapath;C:\Program Files (x86)\Common Files\Oracle\Java\javapath;C:\Windows\system32;C:\Windows;C:\Windows\System32\Wbem;C:\Windows\System32\WindowsPowerShell\v1.0\;C:\Windows\System32\OpenSSH\;C:\Program Files\Git\cmd;C:\Program Files\apache-maven-3.9.1\bin;C:\Program Files\Java\jdk-19\bin;C:\Program Files\nodejs\;C:\platform-tools;C:\Users\Admin\Documents\xray_windows_amd64.exe;C:\Users\Admin\AppData\Local\Programs\Python\Python311\;C:\Users\Admin\AppData\Local\Microsoft\WindowsApps;C:\Users\Admin\AppData\Local\GitHubDesktop\bin;C:\Users\Admin\AppData\Local\Programs\Microsoft VS Code\bin;C:\Users\Admin\AppData\Roaming\npm
USERNAME=Admin
OS=Windows_NT
PROCESSOR_IDENTIFIER=Intel64 Family 6 Model 94 Stepping 3, GenuineIntel
TMP=C:\Users\Admin\AppData\Local\Temp
TEMP=C:\Users\Admin\AppData\Local\Temp



---------------  S Y S T E M  ---------------

OS:
 Windows 11 , 64 bit Build 22621 (10.0.22621.1)
OS uptime: 0 days 5:25 hours

CPU: total 4 (initial active 4) (4 cores per cpu, 1 threads per core) family 6 model 94 stepping 3 microcode 0xd6, cx8, cmov, fxsr, mmx, 3dnowpref, sse, sse2, sse3, ssse3, sse4.1, sse4.2, popcnt, lzcnt, tsc, tscinvbit, avx, avx2, aes, erms, clmul, bmi1, bmi2, rtm, adx, fma, vzeroupper, clflush, clflushopt, rdtscp

Memory: 4k page, system-wide physical 16311M (4805M free)
TotalPageFile size 16311M (AvailPageFile size 249M)
current process WorkingSet (physical memory assigned to process): 11M, peak: 11M
current process commit charge ("private bytes"): 52M, peak: 307M

vm_info: Java HotSpot(TM) 64-Bit Server VM (19.0.2+7-44) for windows-amd64 JRE (19.0.2+7-44), built on 2022-11-30T18:02:09Z by "mach5one" with MS VC++ 17.1 (VS2022)

END.
