#
# There is insufficient memory for the Java Runtime Environment to continue.
# Native memory allocation (malloc) failed to allocate 32744 bytes for Chunk::new
# Possible reasons:
#   The system is out of physical RAM or swap space
#   The process is running with CompressedOops enabled, and the Java Heap may be blocking the growth of the native heap
# Possible solutions:
#   Reduce memory load on the system
#   Increase physical memory or swap space
#   Check if swap backing store is full
#   Decrease Java heap size (-Xmx/-Xms)
#   Decrease number of Java threads
#   Decrease Java thread stack sizes (-Xss)
#   Set larger code cache with -XX:ReservedCodeCacheSize=
#   JVM is running with Zero Based Compressed Oops mode in which the Java heap is
#     placed in the first 32GB address space. The Java Heap base address is the
#     maximum limit for the native heap growth. Please use -XX:HeapBaseMinAddress
#     to set the Java Heap base and to place the Java Heap above 32GB virtual address.
# This output file may be truncated or incomplete.
#
#  Out of Memory Error (arena.cpp:184), pid=4532, tid=448
#
# JRE version: Java(TM) SE Runtime Environment (19.0.2+7) (build 19.0.2+7-44)
# Java VM: Java HotSpot(TM) 64-Bit Server VM (19.0.2+7-44, mixed mode, sharing, tiered, compressed oops, compressed class ptrs, g1 gc, windows-amd64)
# No core dump will be written. Minidumps are not enabled by default on client versions of Windows
#

---------------  S U M M A R Y ------------

Command Line: -Dclassworlds.conf=C:\Program Files\apache-maven-3.9.1\bin\m2.conf -Dmaven.home=C:\Program Files\apache-maven-3.9.1 -Dlibrary.jansi.path=C:\Program Files\apache-maven-3.9.1\lib\jansi-native -Dmaven.multiModuleProjectDirectory=C:\Users\Admin\IdeaProjects\miniproject-mobile org.codehaus.plexus.classworlds.launcher.Launcher clean verify -Dtags=@logout

Host: Intel(R) Core(TM) i5-6600 CPU @ 3.30GHz, 4 cores, 15G,  Windows 11 , 64 bit Build 22621 (10.0.22621.1)
Time: Thu May  4 18:22:42 2023 SE Asia Standard Time elapsed time: 60.379025 seconds (0d 0h 1m 0s)

---------------  T H R E A D  ---------------

Current thread (0x000001ee54c6fd40):  JavaThread "C2 CompilerThread1" daemon [_thread_in_native, id=448, stack(0x000000af2c500000,0x000000af2c600000)]


Current CompileTask:
C2:  60379 8614   !   4       org.codehaus.plexus.classworlds.realm.ClassRealm::loadClass (33 bytes)

Stack: [0x000000af2c500000,0x000000af2c600000]
Native frames: (J=compiled Java code, j=interpreted, Vv=VM code, C=native code)
V  [jvm.dll+0x6ee21a]
V  [jvm.dll+0x85765e]
V  [jvm.dll+0x85904e]
V  [jvm.dll+0x859703]
V  [jvm.dll+0x28298f]
V  [jvm.dll+0xc9adf]
V  [jvm.dll+0xc9e65]
V  [jvm.dll+0x3c1bc5]
V  [jvm.dll+0x3bca7e]
V  [jvm.dll+0x3860e1]
V  [jvm.dll+0x38555a]
V  [jvm.dll+0x24c3d9]
V  [jvm.dll+0x24b781]
V  [jvm.dll+0x1d6ce1]
V  [jvm.dll+0x25b25a]
V  [jvm.dll+0x2596e8]
V  [jvm.dll+0x807588]
V  [jvm.dll+0x80125a]
V  [jvm.dll+0x6ecf0b]
C  [ucrtbase.dll+0x29363]
C  [KERNEL32.DLL+0x1244d]
C  [ntdll.dll+0x5df88]


---------------  P R O C E S S  ---------------

Threads class SMR info:
_java_thread_list=0x000001ee598555d0, length=40, elements={
0x000001ee28e5a850, 0x000001ee4d987c00, 0x000001ee4d988730, 0x000001ee4d98d030,
0x000001ee4d991b90, 0x000001ee4d993070, 0x000001ee4d995af0, 0x000001ee4d99d230,
0x000001ee4d99dfd0, 0x000001ee4d994b00, 0x000001ee4d9945b0, 0x000001ee4d995050,
0x000001ee5490c900, 0x000001ee5490f380, 0x000001ee5490e390, 0x000001ee5490b910,
0x000001ee54c6fd40, 0x000001ee54909930, 0x000001ee5490e8e0, 0x000001ee5490f8d0,
0x000001ee5490a920, 0x000001ee5490d8f0, 0x000001ee5490b3c0, 0x000001ee5490de40,
0x000001ee5490c3b0, 0x000001ee5490ce50, 0x000001ee5490d3a0, 0x000001ee5490ee30,
0x000001ee4d9955a0, 0x000001ee4d992b20, 0x000001ee4d993b10, 0x000001ee4d994060,
0x000001ee5e1508b0, 0x000001ee5e151df0, 0x000001ee5e14be50, 0x000001ee5e152340,
0x000001ee5e1518a0, 0x000001ee5e14e8d0, 0x000001ee5e14c3a0, 0x000001ee5e153880
}

Java Threads: ( => current thread )
  0x000001ee28e5a850 JavaThread "main" [_thread_blocked, id=11160, stack(0x000000af2b200000,0x000000af2b300000)]
  0x000001ee4d987c00 JavaThread "Reference Handler" daemon [_thread_blocked, id=6172, stack(0x000000af2b900000,0x000000af2ba00000)]
  0x000001ee4d988730 JavaThread "Finalizer" daemon [_thread_blocked, id=6632, stack(0x000000af2ba00000,0x000000af2bb00000)]
  0x000001ee4d98d030 JavaThread "Signal Dispatcher" daemon [_thread_blocked, id=2552, stack(0x000000af2bb00000,0x000000af2bc00000)]
  0x000001ee4d991b90 JavaThread "Attach Listener" daemon [_thread_blocked, id=10144, stack(0x000000af2bc00000,0x000000af2bd00000)]
  0x000001ee4d993070 JavaThread "Service Thread" daemon [_thread_blocked, id=8308, stack(0x000000af2bd00000,0x000000af2be00000)]
  0x000001ee4d995af0 JavaThread "Monitor Deflation Thread" daemon [_thread_blocked, id=3448, stack(0x000000af2be00000,0x000000af2bf00000)]
  0x000001ee4d99d230 JavaThread "C2 CompilerThread0" daemon [_thread_in_native, id=4600, stack(0x000000af2bf00000,0x000000af2c000000)]
  0x000001ee4d99dfd0 JavaThread "C1 CompilerThread0" daemon [_thread_in_native, id=10932, stack(0x000000af2c000000,0x000000af2c100000)]
  0x000001ee4d994b00 JavaThread "Sweeper thread" daemon [_thread_blocked, id=9408, stack(0x000000af2c100000,0x000000af2c200000)]
  0x000001ee4d9945b0 JavaThread "Notification Thread" daemon [_thread_blocked, id=8900, stack(0x000000af2c200000,0x000000af2c300000)]
  0x000001ee4d995050 JavaThread "Common-Cleaner" daemon [_thread_blocked, id=4168, stack(0x000000af2c400000,0x000000af2c500000)]
  0x000001ee5490c900 JavaThread "resolver-1" daemon [_thread_blocked, id=1776, stack(0x000000af2c900000,0x000000af2ca00000)]
  0x000001ee5490f380 JavaThread "resolver-2" daemon [_thread_blocked, id=3880, stack(0x000000af2ca00000,0x000000af2cb00000)]
  0x000001ee5490e390 JavaThread "resolver-3" daemon [_thread_blocked, id=6836, stack(0x000000af2cb00000,0x000000af2cc00000)]
  0x000001ee5490b910 JavaThread "resolver-4" daemon [_thread_blocked, id=7016, stack(0x000000af2cc00000,0x000000af2cd00000)]
=>0x000001ee54c6fd40 JavaThread "C2 CompilerThread1" daemon [_thread_in_native, id=448, stack(0x000000af2c500000,0x000000af2c600000)]
  0x000001ee54909930 JavaThread "ForkJoinPool.commonPool-worker-1" daemon [_thread_blocked, id=4772, stack(0x000000af2cd00000,0x000000af2ce00000)]
  0x000001ee5490e8e0 JavaThread "ForkJoinPool.commonPool-worker-2" daemon [_thread_blocked, id=280, stack(0x000000af2ce00000,0x000000af2cf00000)]
  0x000001ee5490f8d0 JavaThread "ForkJoinPool.commonPool-worker-3" daemon [_thread_blocked, id=10580, stack(0x000000af2cf00000,0x000000af2d000000)]
  0x000001ee5490a920 JavaThread "pool-4-thread-1" [_thread_in_vm, id=10900, stack(0x000000af2d000000,0x000000af2d100000)]
  0x000001ee5490d8f0 JavaThread "pool-4-thread-2" [_thread_in_vm, id=1564, stack(0x000000af2d100000,0x000000af2d200000)]
  0x000001ee5490b3c0 JavaThread "pool-4-thread-3" [_thread_in_vm, id=2204, stack(0x000000af2d200000,0x000000af2d300000)]
  0x000001ee5490de40 JavaThread "pool-4-thread-4" [_thread_blocked, id=6496, stack(0x000000af2d300000,0x000000af2d400000)]
  0x000001ee5490c3b0 JavaThread "pool-4-thread-5" [_thread_blocked, id=9700, stack(0x000000af2d400000,0x000000af2d500000)]
  0x000001ee5490ce50 JavaThread "pool-4-thread-6" [_thread_blocked, id=3748, stack(0x000000af2d500000,0x000000af2d600000)]
  0x000001ee5490d3a0 JavaThread "pool-4-thread-7" [_thread_blocked, id=9420, stack(0x000000af2d600000,0x000000af2d700000)]
  0x000001ee5490ee30 JavaThread "pool-4-thread-8" [_thread_blocked, id=10888, stack(0x000000af2d700000,0x000000af2d800000)]
  0x000001ee4d9955a0 JavaThread "pool-4-thread-9" [_thread_blocked, id=8076, stack(0x000000af2d800000,0x000000af2d900000)]
  0x000001ee4d992b20 JavaThread "pool-4-thread-10" [_thread_blocked, id=6984, stack(0x000000af2d900000,0x000000af2da00000)]
  0x000001ee4d993b10 JavaThread "pool-4-thread-11" [_thread_blocked, id=8680, stack(0x000000af2da00000,0x000000af2db00000)]
  0x000001ee4d994060 JavaThread "pool-4-thread-12" [_thread_in_vm, id=10044, stack(0x000000af2db00000,0x000000af2dc00000)]
  0x000001ee5e1508b0 JavaThread "pool-4-thread-13" [_thread_blocked, id=9640, stack(0x000000af2dc00000,0x000000af2dd00000)]
  0x000001ee5e151df0 JavaThread "pool-4-thread-14" [_thread_blocked, id=8800, stack(0x000000af2dd00000,0x000000af2de00000)]
  0x000001ee5e14be50 JavaThread "pool-4-thread-15" [_thread_blocked, id=7144, stack(0x000000af2de00000,0x000000af2df00000)]
  0x000001ee5e152340 JavaThread "pool-4-thread-16" [_thread_blocked, id=6096, stack(0x000000af2df00000,0x000000af2e000000)]
  0x000001ee5e1518a0 JavaThread "pool-4-thread-17" [_thread_blocked, id=6616, stack(0x000000af2e000000,0x000000af2e100000)]
  0x000001ee5e14e8d0 JavaThread "pool-4-thread-18" [_thread_blocked, id=10220, stack(0x000000af2e100000,0x000000af2e200000)]
  0x000001ee5e14c3a0 JavaThread "pool-4-thread-19" [_thread_blocked, id=5112, stack(0x000000af2e200000,0x000000af2e300000)]
  0x000001ee5e153880 JavaThread "pool-4-thread-20" [_thread_blocked, id=5764, stack(0x000000af2e300000,0x000000af2e400000)]

Other Threads:
  0x000001ee4d96bb30 VMThread "VM Thread" [stack: 0x000000af2b800000,0x000000af2b900000] [id=9160]
  0x000001ee51d1dab0 WatcherThread "VM Periodic Task Thread" [stack: 0x000000af2c300000,0x000000af2c400000] [id=1816]
  0x000001ee28eca9b0 WorkerThread "GC Thread#0" [stack: 0x000000af2b300000,0x000000af2b400000] [id=7548]
  0x000001ee52552bb0 WorkerThread "GC Thread#1" [stack: 0x000000af2c600000,0x000000af2c700000] [id=4928]
  0x000001ee524f7750 WorkerThread "GC Thread#2" [stack: 0x000000af2c700000,0x000000af2c800000] [id=10660]
  0x000001ee524d2710 WorkerThread "GC Thread#3" [stack: 0x000000af2c800000,0x000000af2c900000] [id=7288]
  0x000001ee28edb9f0 ConcurrentGCThread "G1 Main Marker" [stack: 0x000000af2b400000,0x000000af2b500000] [id=4996]
  0x000001ee28edcad0 WorkerThread "G1 Conc#0" [stack: 0x000000af2b500000,0x000000af2b600000] [id=4480]
  0x000001ee4d822550 ConcurrentGCThread "G1 Refine#0" [stack: 0x000000af2b600000,0x000000af2b700000] [id=10272]
  0x000001ee4d822d40 ConcurrentGCThread "G1 Service" [stack: 0x000000af2b700000,0x000000af2b800000] [id=9104]

Threads with active compile tasks:
C2 CompilerThread0    60390 8482       4       org.codehaus.plexus.classworlds.realm.ClassRealm::loadClass (7 bytes)
C1 CompilerThread0    60390 9398       3       net.thucydides.core.reports.TestOutcomes::countScenariosWithResults (136 bytes)
C2 CompilerThread1    60390 8614   !   4       org.codehaus.plexus.classworlds.realm.ClassRealm::loadClass (33 bytes)

VM state: not at safepoint (normal execution)

VM Mutex/Monitor currently owned by a thread: None

Heap address: 0x0000000701200000, size: 4078 MB, Compressed Oops mode: Zero based, Oop shift amount: 3

CDS archive(s) mapped at: [0x0000000800000000-0x0000000800c40000-0x0000000800c40000), size 12845056, SharedBaseAddress: 0x0000000800000000, ArchiveRelocationMode: 0.
Compressed class space mapped at: 0x0000000801000000-0x0000000841000000, reserved size: 1073741824
Narrow klass base: 0x0000000800000000, Narrow klass shift: 0, Narrow klass range: 0x100000000

GC Precious Log:
 CardTable entry size: 512
 Card Set container configuration: InlinePtr #cards 4 size 8 Array Of Cards #cards 16 size 48 Howl #buckets 8 coarsen threshold 3686 Howl Bitmap #cards 512 size 80 coarsen threshold 460 Card regions per heap region 1 cards per card region 4096
 CPUs: 4 total, 4 available
 Memory: 16311M
 Large Page Support: Disabled
 NUMA Support: Disabled
 Compressed Oops: Enabled (Zero based)
 Heap Region Size: 2M
 Heap Min Capacity: 8M
 Heap Initial Capacity: 256M
 Heap Max Capacity: 4078M
 Pre-touch: Disabled
 Parallel Workers: 4
 Concurrent Workers: 1
 Concurrent Refinement Workers: 4
 Periodic GC: Disabled

Heap:
 garbage-first heap   total 192512K, used 83511K [0x0000000701200000, 0x0000000800000000)
  region size 2048K, 5 young (10240K), 2 survivors (4096K)
 Metaspace       used 48342K, committed 48768K, reserved 1114112K
  class space    used 5365K, committed 5568K, reserved 1048576K

Heap Regions: E=young(eden), S=young(survivor), O=old, HS=humongous(starts), HC=humongous(continues), CS=collection set, F=free, OA=open archive, CA=closed archive, TAMS=top-at-mark-start (previous, next)
|   0|0x0000000701200000, 0x0000000701400000, 0x0000000701400000|100%| O|  |TAMS 0x0000000701400000, 0x0000000701200000| Untracked 
|   1|0x0000000701400000, 0x0000000701600000, 0x0000000701600000|100%| O|  |TAMS 0x0000000701600000, 0x0000000701400000| Untracked 
|   2|0x0000000701600000, 0x0000000701800000, 0x0000000701800000|100%| O|  |TAMS 0x0000000701800000, 0x0000000701600000| Untracked 
|   3|0x0000000701800000, 0x0000000701a00000, 0x0000000701a00000|100%| O|  |TAMS 0x0000000701a00000, 0x0000000701800000| Untracked 
|   4|0x0000000701a00000, 0x0000000701c00000, 0x0000000701c00000|100%| O|  |TAMS 0x0000000701c00000, 0x0000000701a00000| Untracked 
|   5|0x0000000701c00000, 0x0000000701e00000, 0x0000000701e00000|100%| O|  |TAMS 0x0000000701e00000, 0x0000000701c00000| Untracked 
|   6|0x0000000701e00000, 0x0000000702000000, 0x0000000702000000|100%| O|  |TAMS 0x0000000702000000, 0x0000000701e00000| Untracked 
|   7|0x0000000702000000, 0x0000000702200000, 0x0000000702200000|100%| O|  |TAMS 0x0000000702200000, 0x0000000702000000| Untracked 
|   8|0x0000000702200000, 0x0000000702400000, 0x0000000702400000|100%| O|  |TAMS 0x0000000702400000, 0x0000000702200000| Untracked 
|   9|0x0000000702400000, 0x0000000702600000, 0x0000000702600000|100%| O|  |TAMS 0x0000000702600000, 0x0000000702400000| Untracked 
|  10|0x0000000702600000, 0x0000000702800000, 0x0000000702800000|100%| O|  |TAMS 0x0000000702800000, 0x0000000702600000| Untracked 
|  11|0x0000000702800000, 0x0000000702a00000, 0x0000000702a00000|100%| O|  |TAMS 0x0000000702a00000, 0x0000000702800000| Untracked 
|  12|0x0000000702a00000, 0x0000000702c00000, 0x0000000702c00000|100%| O|  |TAMS 0x0000000702c00000, 0x0000000702a00000| Untracked 
|  13|0x0000000702c00000, 0x0000000702e00000, 0x0000000702e00000|100%| O|  |TAMS 0x0000000702e00000, 0x0000000702c00000| Untracked 
|  14|0x0000000702e00000, 0x0000000703000000, 0x0000000703000000|100%| O|  |TAMS 0x0000000702e00000, 0x0000000702e00000| Untracked 
|  15|0x0000000703000000, 0x0000000703200000, 0x0000000703200000|100%| O|  |TAMS 0x0000000703000000, 0x0000000703000000| Untracked 
|  16|0x0000000703200000, 0x0000000703400000, 0x0000000703400000|100%| O|  |TAMS 0x0000000703200000, 0x0000000703200000| Untracked 
|  17|0x0000000703400000, 0x0000000703600000, 0x0000000703600000|100%| O|  |TAMS 0x0000000703600000, 0x0000000703400000| Untracked 
|  18|0x0000000703600000, 0x0000000703800000, 0x0000000703800000|100%| O|  |TAMS 0x0000000703800000, 0x0000000703600000| Untracked 
|  19|0x0000000703800000, 0x0000000703a00000, 0x0000000703a00000|100%| O|  |TAMS 0x0000000703a00000, 0x0000000703800000| Untracked 
|  20|0x0000000703a00000, 0x0000000703c00000, 0x0000000703c00000|100%| O|  |TAMS 0x0000000703c00000, 0x0000000703a00000| Untracked 
|  21|0x0000000703c00000, 0x0000000703e00000, 0x0000000703e00000|100%| O|  |TAMS 0x0000000703e00000, 0x0000000703c00000| Untracked 
|  22|0x0000000703e00000, 0x0000000704000000, 0x0000000704000000|100%| O|  |TAMS 0x0000000704000000, 0x0000000703e00000| Untracked 
|  23|0x0000000704000000, 0x0000000704200000, 0x0000000704200000|100%| O|  |TAMS 0x0000000704200000, 0x0000000704000000| Untracked 
|  24|0x0000000704200000, 0x0000000704400000, 0x0000000704400000|100%| O|  |TAMS 0x0000000704400000, 0x0000000704200000| Untracked 
|  25|0x0000000704400000, 0x0000000704600000, 0x0000000704600000|100%| O|  |TAMS 0x0000000704600000, 0x0000000704400000| Untracked 
|  26|0x0000000704600000, 0x0000000704800000, 0x0000000704800000|100%| O|  |TAMS 0x0000000704800000, 0x0000000704600000| Untracked 
|  27|0x0000000704800000, 0x0000000704a00000, 0x0000000704a00000|100%| O|  |TAMS 0x0000000704a00000, 0x0000000704800000| Untracked 
|  28|0x0000000704a00000, 0x0000000704c00000, 0x0000000704c00000|100%| O|  |TAMS 0x0000000704c00000, 0x0000000704a00000| Untracked 
|  29|0x0000000704c00000, 0x0000000704e00000, 0x0000000704e00000|100%| O|  |TAMS 0x0000000704e00000, 0x0000000704c00000| Untracked 
|  30|0x0000000704e00000, 0x0000000705000000, 0x0000000705000000|100%| O|  |TAMS 0x0000000705000000, 0x0000000704e00000| Untracked 
|  31|0x0000000705000000, 0x0000000705200000, 0x0000000705200000|100%| O|  |TAMS 0x0000000705066600, 0x0000000705000000| Untracked 
|  32|0x0000000705200000, 0x0000000705400000, 0x0000000705400000|100%| O|  |TAMS 0x0000000705200000, 0x0000000705200000| Untracked 
|  33|0x0000000705400000, 0x0000000705600000, 0x0000000705600000|100%| O|  |TAMS 0x0000000705400000, 0x0000000705400000| Untracked 
|  34|0x0000000705600000, 0x0000000705800000, 0x0000000705800000|100%| O|  |TAMS 0x0000000705600000, 0x0000000705600000| Untracked 
|  35|0x0000000705800000, 0x0000000705a00000, 0x0000000705a00000|100%| O|  |TAMS 0x0000000705800000, 0x0000000705800000| Untracked 
|  36|0x0000000705a00000, 0x0000000705c00000, 0x0000000705c00000|100%| O|  |TAMS 0x0000000705a00000, 0x0000000705a00000| Untracked 
|  37|0x0000000705c00000, 0x0000000705c93200, 0x0000000705e00000| 28%| O|  |TAMS 0x0000000705c00000, 0x0000000705c00000| Untracked 
|  38|0x0000000705e00000, 0x0000000705e00000, 0x0000000706000000|  0%| F|  |TAMS 0x0000000705e00000, 0x0000000705e00000| Untracked 
|  39|0x0000000706000000, 0x0000000706000000, 0x0000000706200000|  0%| F|  |TAMS 0x0000000706000000, 0x0000000706000000| Untracked 
|  40|0x0000000706200000, 0x0000000706200000, 0x0000000706400000|  0%| F|  |TAMS 0x0000000706200000, 0x0000000706200000| Untracked 
|  41|0x0000000706400000, 0x0000000706400000, 0x0000000706600000|  0%| F|  |TAMS 0x0000000706400000, 0x0000000706400000| Untracked 
|  42|0x0000000706600000, 0x0000000706600000, 0x0000000706800000|  0%| F|  |TAMS 0x0000000706600000, 0x0000000706600000| Untracked 
|  43|0x0000000706800000, 0x0000000706800000, 0x0000000706a00000|  0%| F|  |TAMS 0x0000000706800000, 0x0000000706800000| Untracked 
|  44|0x0000000706a00000, 0x0000000706a00000, 0x0000000706c00000|  0%| F|  |TAMS 0x0000000706a00000, 0x0000000706a00000| Untracked 
|  45|0x0000000706c00000, 0x0000000706c00000, 0x0000000706e00000|  0%| F|  |TAMS 0x0000000706c00000, 0x0000000706c00000| Untracked 
|  46|0x0000000706e00000, 0x0000000706e00000, 0x0000000707000000|  0%| F|  |TAMS 0x0000000706e00000, 0x0000000706e00000| Untracked 
|  47|0x0000000707000000, 0x0000000707000000, 0x0000000707200000|  0%| F|  |TAMS 0x0000000707000000, 0x0000000707000000| Untracked 
|  48|0x0000000707200000, 0x0000000707200000, 0x0000000707400000|  0%| F|  |TAMS 0x0000000707200000, 0x0000000707200000| Untracked 
|  49|0x0000000707400000, 0x0000000707400000, 0x0000000707600000|  0%| F|  |TAMS 0x0000000707400000, 0x0000000707400000| Untracked 
|  50|0x0000000707600000, 0x0000000707600000, 0x0000000707800000|  0%| F|  |TAMS 0x0000000707600000, 0x0000000707600000| Untracked 
|  51|0x0000000707800000, 0x0000000707800000, 0x0000000707a00000|  0%| F|  |TAMS 0x0000000707800000, 0x0000000707800000| Untracked 
|  52|0x0000000707a00000, 0x0000000707a00000, 0x0000000707c00000|  0%| F|  |TAMS 0x0000000707a00000, 0x0000000707a00000| Untracked 
|  53|0x0000000707c00000, 0x0000000707c00000, 0x0000000707e00000|  0%| F|  |TAMS 0x0000000707c00000, 0x0000000707c00000| Untracked 
|  54|0x0000000707e00000, 0x0000000707e00000, 0x0000000708000000|  0%| F|  |TAMS 0x0000000707e00000, 0x0000000707e00000| Untracked 
|  55|0x0000000708000000, 0x0000000708000000, 0x0000000708200000|  0%| F|  |TAMS 0x0000000708000000, 0x0000000708000000| Untracked 
|  56|0x0000000708200000, 0x0000000708200000, 0x0000000708400000|  0%| F|  |TAMS 0x0000000708200000, 0x0000000708200000| Untracked 
|  57|0x0000000708400000, 0x0000000708400000, 0x0000000708600000|  0%| F|  |TAMS 0x0000000708400000, 0x0000000708400000| Untracked 
|  58|0x0000000708600000, 0x0000000708600000, 0x0000000708800000|  0%| F|  |TAMS 0x0000000708600000, 0x0000000708600000| Untracked 
|  59|0x0000000708800000, 0x0000000708800000, 0x0000000708a00000|  0%| F|  |TAMS 0x0000000708800000, 0x0000000708800000| Untracked 
|  60|0x0000000708a00000, 0x0000000708a00000, 0x0000000708c00000|  0%| F|  |TAMS 0x0000000708a00000, 0x0000000708a00000| Untracked 
|  61|0x0000000708c00000, 0x0000000708cfad98, 0x0000000708e00000| 48%| S|CS|TAMS 0x0000000708c00000, 0x0000000708c00000| Complete 
|  62|0x0000000708e00000, 0x0000000709000000, 0x0000000709000000|100%| S|CS|TAMS 0x0000000708e00000, 0x0000000708e00000| Complete 
|  63|0x0000000709000000, 0x0000000709000000, 0x0000000709200000|  0%| F|  |TAMS 0x0000000709000000, 0x0000000709000000| Untracked 
|  64|0x0000000709200000, 0x0000000709200000, 0x0000000709400000|  0%| F|  |TAMS 0x0000000709200000, 0x0000000709200000| Untracked 
|  65|0x0000000709400000, 0x0000000709400000, 0x0000000709600000|  0%| F|  |TAMS 0x0000000709400000, 0x0000000709400000| Untracked 
|  66|0x0000000709600000, 0x0000000709600000, 0x0000000709800000|  0%| F|  |TAMS 0x0000000709600000, 0x0000000709600000| Untracked 
|  67|0x0000000709800000, 0x0000000709800000, 0x0000000709a00000|  0%| F|  |TAMS 0x0000000709800000, 0x0000000709800000| Untracked 
|  68|0x0000000709a00000, 0x0000000709a00000, 0x0000000709c00000|  0%| F|  |TAMS 0x0000000709a00000, 0x0000000709a00000| Untracked 
|  69|0x0000000709c00000, 0x0000000709c00000, 0x0000000709e00000|  0%| F|  |TAMS 0x0000000709c00000, 0x0000000709c00000| Untracked 
|  70|0x0000000709e00000, 0x0000000709e00000, 0x000000070a000000|  0%| F|  |TAMS 0x0000000709e00000, 0x0000000709e00000| Untracked 
|  71|0x000000070a000000, 0x000000070a000000, 0x000000070a200000|  0%| F|  |TAMS 0x000000070a000000, 0x000000070a000000| Untracked 
|  72|0x000000070a200000, 0x000000070a200000, 0x000000070a400000|  0%| F|  |TAMS 0x000000070a200000, 0x000000070a200000| Untracked 
|  73|0x000000070a400000, 0x000000070a400000, 0x000000070a600000|  0%| F|  |TAMS 0x000000070a400000, 0x000000070a400000| Untracked 
|  74|0x000000070a600000, 0x000000070a600000, 0x000000070a800000|  0%| F|  |TAMS 0x000000070a600000, 0x000000070a600000| Untracked 
|  75|0x000000070a800000, 0x000000070a800000, 0x000000070aa00000|  0%| F|  |TAMS 0x000000070a800000, 0x000000070a800000| Untracked 
|  76|0x000000070aa00000, 0x000000070aa00000, 0x000000070ac00000|  0%| F|  |TAMS 0x000000070aa00000, 0x000000070aa00000| Untracked 
|  77|0x000000070ac00000, 0x000000070ac00000, 0x000000070ae00000|  0%| F|  |TAMS 0x000000070ac00000, 0x000000070ac00000| Untracked 
|  78|0x000000070ae00000, 0x000000070ae00000, 0x000000070b000000|  0%| F|  |TAMS 0x000000070ae00000, 0x000000070ae00000| Untracked 
|  79|0x000000070b000000, 0x000000070b000000, 0x000000070b200000|  0%| F|  |TAMS 0x000000070b000000, 0x000000070b000000| Untracked 
|  80|0x000000070b200000, 0x000000070b200000, 0x000000070b400000|  0%| F|  |TAMS 0x000000070b200000, 0x000000070b200000| Untracked 
|  81|0x000000070b400000, 0x000000070b400000, 0x000000070b600000|  0%| F|  |TAMS 0x000000070b400000, 0x000000070b400000| Untracked 
|  82|0x000000070b600000, 0x000000070b600000, 0x000000070b800000|  0%| F|  |TAMS 0x000000070b600000, 0x000000070b600000| Untracked 
|  83|0x000000070b800000, 0x000000070b800000, 0x000000070ba00000|  0%| F|  |TAMS 0x000000070b800000, 0x000000070b800000| Untracked 
|  84|0x000000070ba00000, 0x000000070ba00000, 0x000000070bc00000|  0%| F|  |TAMS 0x000000070ba00000, 0x000000070ba00000| Untracked 
|  85|0x000000070bc00000, 0x000000070bc00000, 0x000000070be00000|  0%| F|  |TAMS 0x000000070bc00000, 0x000000070bc00000| Untracked 
|  86|0x000000070be00000, 0x000000070be00000, 0x000000070c000000|  0%| F|  |TAMS 0x000000070be00000, 0x000000070be00000| Untracked 
|  87|0x000000070c000000, 0x000000070c000000, 0x000000070c200000|  0%| F|  |TAMS 0x000000070c000000, 0x000000070c000000| Untracked 
|  97|0x000000070d400000, 0x000000070d400000, 0x000000070d600000|  0%| F|  |TAMS 0x000000070d400000, 0x000000070d400000| Untracked 
|  98|0x000000070d600000, 0x000000070d600000, 0x000000070d800000|  0%| F|  |TAMS 0x000000070d600000, 0x000000070d600000| Untracked 
|  99|0x000000070d800000, 0x000000070d800000, 0x000000070da00000|  0%| F|  |TAMS 0x000000070d800000, 0x000000070d800000| Untracked 
| 100|0x000000070da00000, 0x000000070db5f218, 0x000000070dc00000| 68%| E|  |TAMS 0x000000070da00000, 0x000000070da00000| Complete 
| 101|0x000000070dc00000, 0x000000070de00000, 0x000000070de00000|100%| E|CS|TAMS 0x000000070dc00000, 0x000000070dc00000| Complete 
| 102|0x000000070de00000, 0x000000070e000000, 0x000000070e000000|100%| E|CS|TAMS 0x000000070de00000, 0x000000070de00000| Complete 

Card table byte_map: [0x000001ee423c0000,0x000001ee42bc0000] _byte_map_base: 0x000001ee3ebb7000

Marking Bits (Prev, Next): (CMBitMap*) 0x000001ee28ecaf30, (CMBitMap*) 0x000001ee28ecaef0
 Prev Bits: [0x000001ee47380000, 0x000001ee4b338000)
 Next Bits: [0x000001ee433c0000, 0x000001ee47378000)

Polling page: 0x000001ee28f20000

Metaspace:

Usage:
  Non-class:     41.97 MB used.
      Class:      5.24 MB used.
       Both:     47.21 MB used.

Virtual space:
  Non-class space:       64.00 MB reserved,      42.19 MB ( 66%) committed,  1 nodes.
      Class space:        1.00 GB reserved,       5.44 MB ( <1%) committed,  1 nodes.
             Both:        1.06 GB reserved,      47.62 MB (  4%) committed. 

Chunk freelists:
   Non-Class:  1.56 MB
       Class:  2.52 MB
        Both:  4.08 MB

MaxMetaspaceSize: unlimited
CompressedClassSpaceSize: 1.00 GB
Initial GC threshold: 21.00 MB
Current GC threshold: 48.25 MB
CDS: on
MetaspaceReclaimPolicy: balanced
 - commit_granule_bytes: 65536.
 - commit_granule_words: 8192.
 - virtual_space_node_default_size: 8388608.
 - enlarge_chunks_in_place: 1.
 - new_chunks_are_fully_committed: 0.
 - uncommit_free_chunks: 1.
 - use_allocation_guard: 0.


Internal statistics:

num_allocs_failed_limit: 3.
num_arena_births: 382.
num_arena_deaths: 0.
num_vsnodes_births: 2.
num_vsnodes_deaths: 0.
num_space_committed: 762.
num_space_uncommitted: 0.
num_chunks_returned_to_freelist: 3.
num_chunks_taken_from_freelist: 2083.
num_chunk_merges: 3.
num_chunk_splits: 1560.
num_chunks_enlarged: 1320.
num_inconsistent_stats: 0.

CodeHeap 'non-profiled nmethods': size=120000Kb used=3915Kb max_used=4803Kb free=116085Kb
 bounds [0x000001ee3a060000, 0x000001ee3a520000, 0x000001ee41590000]
CodeHeap 'profiled nmethods': size=120000Kb used=17345Kb max_used=18456Kb free=102655Kb
 bounds [0x000001ee32590000, 0x000001ee337a0000, 0x000001ee39ac0000]
CodeHeap 'non-nmethods': size=5760Kb used=1372Kb max_used=1415Kb free=4387Kb
 bounds [0x000001ee39ac0000, 0x000001ee39d30000, 0x000001ee3a060000]
 total_blobs=8391 nmethods=7778 adapters=523
 compilation: enabled
              stopped_count=0, restarted_count=0
 full_count=0

Compilation events (20 events):
Event: 60.232 Thread 0x000001ee4d99dfd0 nmethod 9335 0x000001ee32bd5990 code [0x000001ee32bd5b80, 0x000001ee32bd5ed8]
Event: 60.232 Thread 0x000001ee4d99dfd0 9336       2       net.thucydides.core.reports.TestOutcomes::<init> (9 bytes)
Event: 60.232 Thread 0x000001ee4d99dfd0 nmethod 9336 0x000001ee33006110 code [0x000001ee330062c0, 0x000001ee330063e8]
Event: 60.232 Thread 0x000001ee4d99dfd0 9332       2       net.thucydides.core.reports.TestOutcomes::of (17 bytes)
Event: 60.233 Thread 0x000001ee4d99dfd0 nmethod 9332 0x000001ee32bd4f10 code [0x000001ee32bd5120, 0x000001ee32bd5638]
Event: 60.233 Thread 0x000001ee4d99dfd0 9326       2       java.util.stream.ReduceOps$6::<init> (16 bytes)
Event: 60.233 Thread 0x000001ee4d99dfd0 nmethod 9326 0x000001ee32da2410 code [0x000001ee32da25a0, 0x000001ee32da2778]
Event: 60.233 Thread 0x000001ee4d99dfd0 9327       2       java.util.stream.ReduceOps$6::makeSink (5 bytes)
Event: 60.233 Thread 0x000001ee4d99dfd0 nmethod 9327 0x000001ee32da2010 code [0x000001ee32da21a0, 0x000001ee32da2358]
Event: 60.233 Thread 0x000001ee4d99dfd0 9328       2       java.util.stream.ReduceOps$6::makeSink (16 bytes)
Event: 60.233 Thread 0x000001ee4d99dfd0 nmethod 9328 0x000001ee32da1c10 code [0x000001ee32da1da0, 0x000001ee32da1f58]
Event: 60.233 Thread 0x000001ee4d99dfd0 9329       2       java.util.stream.ReduceOps$5ReducingSink::<init> (15 bytes)
Event: 60.233 Thread 0x000001ee4d99dfd0 nmethod 9329 0x000001ee32bd4b90 code [0x000001ee32bd4d20, 0x000001ee32bd4e78]
Event: 60.233 Thread 0x000001ee4d99dfd0 9333       2       net.serenitybdd.core.environment.ConfiguredEnvironment::getConfiguration (14 bytes)
Event: 60.233 Thread 0x000001ee4d99dfd0 nmethod 9333 0x000001ee32da1290 code [0x000001ee32da1480, 0x000001ee32da1858]
Event: 60.233 Thread 0x000001ee4d99dfd0 9330       2       net.thucydides.core.reports.TestOutcomes::scenarioCountWithResult (30 bytes)
Event: 60.234 Thread 0x000001ee4d99dfd0 nmethod 9330 0x000001ee3297e090 code [0x000001ee3297e2a0, 0x000001ee3297e708]
Event: 60.234 Thread 0x000001ee4d99dfd0 9331       2       net.thucydides.core.reports.TestOutcomes$$Lambda$583/0x000000080154c838::<init> (15 bytes)
Event: 60.234 Thread 0x000001ee4d99dfd0 nmethod 9331 0x000001ee3297dc90 code [0x000001ee3297de20, 0x000001ee3297dff8]
Event: 60.238 Thread 0x000001ee4d99dfd0 9337       3       net.serenitybdd.core.environment.EnvironmentSpecificConfiguration::<init> (57 bytes)

GC Heap History (20 events):
Event: 5.868 GC heap before
{Heap before GC invocations=10 (full 0):
 garbage-first heap   total 94208K, used 69488K [0x0000000701200000, 0x0000000800000000)
  region size 2048K, 14 young (28672K), 3 survivors (6144K)
 Metaspace       used 27469K, committed 27840K, reserved 1114112K
  class space    used 2988K, committed 3200K, reserved 1048576K
}
Event: 5.873 GC heap after
{Heap after GC invocations=11 (full 0):
 garbage-first heap   total 94208K, used 54966K [0x0000000701200000, 0x0000000800000000)
  region size 2048K, 2 young (4096K), 2 survivors (4096K)
 Metaspace       used 27469K, committed 27840K, reserved 1114112K
  class space    used 2988K, committed 3200K, reserved 1048576K
}
Event: 6.003 GC heap before
{Heap before GC invocations=11 (full 0):
 garbage-first heap   total 94208K, used 69302K [0x0000000701200000, 0x0000000800000000)
  region size 2048K, 9 young (18432K), 2 survivors (4096K)
 Metaspace       used 27503K, committed 27840K, reserved 1114112K
  class space    used 2988K, committed 3200K, reserved 1048576K
}
Event: 6.008 GC heap after
{Heap after GC invocations=12 (full 0):
 garbage-first heap   total 94208K, used 60561K [0x0000000701200000, 0x0000000800000000)
  region size 2048K, 2 young (4096K), 2 survivors (4096K)
 Metaspace       used 27503K, committed 27840K, reserved 1114112K
  class space    used 2988K, committed 3200K, reserved 1048576K
}
Event: 6.131 GC heap before
{Heap before GC invocations=13 (full 0):
 garbage-first heap   total 112640K, used 70801K [0x0000000701200000, 0x0000000800000000)
  region size 2048K, 7 young (14336K), 2 survivors (4096K)
 Metaspace       used 27630K, committed 27968K, reserved 1114112K
  class space    used 2991K, committed 3200K, reserved 1048576K
}
Event: 6.136 GC heap after
{Heap after GC invocations=14 (full 0):
 garbage-first heap   total 112640K, used 62976K [0x0000000701200000, 0x0000000800000000)
  region size 2048K, 1 young (2048K), 1 survivors (2048K)
 Metaspace       used 27630K, committed 27968K, reserved 1114112K
  class space    used 2991K, committed 3200K, reserved 1048576K
}
Event: 6.176 GC heap before
{Heap before GC invocations=14 (full 0):
 garbage-first heap   total 112640K, used 65024K [0x0000000701200000, 0x0000000800000000)
  region size 2048K, 2 young (4096K), 1 survivors (2048K)
 Metaspace       used 27873K, committed 28224K, reserved 1114112K
  class space    used 3014K, committed 3200K, reserved 1048576K
}
Event: 6.181 GC heap after
{Heap after GC invocations=15 (full 0):
 garbage-first heap   total 112640K, used 62787K [0x0000000701200000, 0x0000000800000000)
  region size 2048K, 1 young (2048K), 1 survivors (2048K)
 Metaspace       used 27873K, committed 28224K, reserved 1114112K
  class space    used 3014K, committed 3200K, reserved 1048576K
}
Event: 6.481 GC heap before
{Heap before GC invocations=15 (full 0):
 garbage-first heap   total 112640K, used 79171K [0x0000000701200000, 0x0000000800000000)
  region size 2048K, 10 young (20480K), 1 survivors (2048K)
 Metaspace       used 28941K, committed 29312K, reserved 1114112K
  class space    used 3138K, committed 3328K, reserved 1048576K
}
Event: 6.483 GC heap after
{Heap after GC invocations=16 (full 0):
 garbage-first heap   total 192512K, used 63205K [0x0000000701200000, 0x0000000800000000)
  region size 2048K, 1 young (2048K), 1 survivors (2048K)
 Metaspace       used 28941K, committed 29312K, reserved 1114112K
  class space    used 3138K, committed 3328K, reserved 1048576K
}
Event: 7.101 GC heap before
{Heap before GC invocations=17 (full 0):
 garbage-first heap   total 192512K, used 118501K [0x0000000701200000, 0x0000000800000000)
  region size 2048K, 28 young (57344K), 1 survivors (2048K)
 Metaspace       used 31454K, committed 31872K, reserved 1114112K
  class space    used 3359K, committed 3520K, reserved 1048576K
}
Event: 7.105 GC heap after
{Heap after GC invocations=18 (full 0):
 garbage-first heap   total 192512K, used 66301K [0x0000000701200000, 0x0000000800000000)
  region size 2048K, 3 young (6144K), 3 survivors (6144K)
 Metaspace       used 31454K, committed 31872K, reserved 1114112K
  class space    used 3359K, committed 3520K, reserved 1048576K
}
Event: 7.132 GC heap before
{Heap before GC invocations=18 (full 0):
 garbage-first heap   total 192512K, used 68349K [0x0000000701200000, 0x0000000800000000)
  region size 2048K, 4 young (8192K), 3 survivors (6144K)
 Metaspace       used 31690K, committed 32128K, reserved 1114112K
  class space    used 3404K, committed 3584K, reserved 1048576K
}
Event: 7.136 GC heap after
{Heap after GC invocations=19 (full 0):
 garbage-first heap   total 192512K, used 64133K [0x0000000701200000, 0x0000000800000000)
  region size 2048K, 1 young (2048K), 1 survivors (2048K)
 Metaspace       used 31690K, committed 32128K, reserved 1114112K
  class space    used 3404K, committed 3584K, reserved 1048576K
}
Event: 58.904 GC heap before
{Heap before GC invocations=19 (full 0):
 garbage-first heap   total 192512K, used 154245K [0x0000000701200000, 0x0000000800000000)
  region size 2048K, 30 young (61440K), 1 survivors (2048K)
 Metaspace       used 35099K, committed 35584K, reserved 1114112K
  class space    used 3792K, committed 4032K, reserved 1048576K
}
Event: 58.907 GC heap after
{Heap after GC invocations=20 (full 0):
 garbage-first heap   total 192512K, used 66673K [0x0000000701200000, 0x0000000800000000)
  region size 2048K, 2 young (4096K), 2 survivors (4096K)
 Metaspace       used 35099K, committed 35584K, reserved 1114112K
  class space    used 3792K, committed 4032K, reserved 1048576K
}
Event: 59.501 GC heap before
{Heap before GC invocations=20 (full 0):
 garbage-first heap   total 192512K, used 128113K [0x0000000701200000, 0x0000000800000000)
  region size 2048K, 33 young (67584K), 2 survivors (4096K)
 Metaspace       used 39616K, committed 40128K, reserved 1114112K
  class space    used 4326K, committed 4608K, reserved 1048576K
}
Event: 59.506 GC heap after
{Heap after GC invocations=21 (full 0):
 garbage-first heap   total 192512K, used 76325K [0x0000000701200000, 0x0000000800000000)
  region size 2048K, 5 young (10240K), 5 survivors (10240K)
 Metaspace       used 39616K, committed 40128K, reserved 1114112K
  class space    used 4326K, committed 4608K, reserved 1048576K
}
Event: 60.159 GC heap before
{Heap before GC invocations=21 (full 0):
 garbage-first heap   total 192512K, used 133669K [0x0000000701200000, 0x0000000800000000)
  region size 2048K, 33 young (67584K), 5 survivors (10240K)
 Metaspace       used 47583K, committed 48128K, reserved 1114112K
  class space    used 5193K, committed 5440K, reserved 1048576K
}
Event: 60.163 GC heap after
{Heap after GC invocations=22 (full 0):
 garbage-first heap   total 192512K, used 79300K [0x0000000701200000, 0x0000000800000000)
  region size 2048K, 2 young (4096K), 2 survivors (4096K)
 Metaspace       used 47583K, committed 48128K, reserved 1114112K
  class space    used 5193K, committed 5440K, reserved 1048576K
}

Dll operation events (8 events):
Event: 0.004 Loaded shared library C:\Program Files\Java\jdk-19\bin\java.dll
Event: 0.010 Loaded shared library C:\Program Files\Java\jdk-19\bin\jsvml.dll
Event: 0.034 Loaded shared library C:\Program Files\Java\jdk-19\bin\net.dll
Event: 0.035 Loaded shared library C:\Program Files\Java\jdk-19\bin\nio.dll
Event: 0.038 Loaded shared library C:\Program Files\Java\jdk-19\bin\zip.dll
Event: 0.115 Loaded shared library C:\Program Files\Java\jdk-19\bin\jimage.dll
Event: 0.122 Loaded shared library C:\Program Files\apache-maven-3.9.1\lib\jansi-native\Windows\x86_64\jansi.dll
Event: 0.130 Loaded shared library C:\Program Files\Java\jdk-19\bin\verify.dll

Deoptimization events (20 events):
Event: 60.214 Thread 0x000001ee5e14e8d0 DEOPT PACKING pc=0x000001ee3a3d9ce4 sp=0x000000af2e1fec30
Event: 60.214 Thread 0x000001ee5e14e8d0 DEOPT UNPACKING pc=0x000001ee39b26da3 sp=0x000000af2e1febf0 mode 2
Event: 60.214 Thread 0x000001ee5490de40 DEOPT PACKING pc=0x000001ee3a3d9ce4 sp=0x000000af2d3fef00
Event: 60.214 Thread 0x000001ee5490de40 DEOPT UNPACKING pc=0x000001ee39b26da3 sp=0x000000af2d3feec0 mode 2
Event: 60.214 Thread 0x000001ee5e151df0 DEOPT PACKING pc=0x000001ee3a3d9ce4 sp=0x000000af2ddfec20
Event: 60.214 Thread 0x000001ee5e151df0 DEOPT UNPACKING pc=0x000001ee39b26da3 sp=0x000000af2ddfebe0 mode 2
Event: 60.214 Thread 0x000001ee4d9955a0 DEOPT PACKING pc=0x000001ee3a3d9ce4 sp=0x000000af2d8fe920
Event: 60.214 Thread 0x000001ee4d9955a0 DEOPT UNPACKING pc=0x000001ee39b26da3 sp=0x000000af2d8fe8e0 mode 2
Event: 60.214 Thread 0x000001ee5e1508b0 DEOPT PACKING pc=0x000001ee3a295080 sp=0x000000af2dcfd1b0
Event: 60.214 Thread 0x000001ee5e1508b0 DEOPT UNPACKING pc=0x000001ee39b26da3 sp=0x000000af2dcfd118 mode 2
Event: 60.214 Thread 0x000001ee5e152340 DEOPT PACKING pc=0x000001ee3a3d9ce4 sp=0x000000af2dffee70
Event: 60.214 Thread 0x000001ee5e152340 DEOPT UNPACKING pc=0x000001ee39b26da3 sp=0x000000af2dffee30 mode 2
Event: 60.214 Thread 0x000001ee5490a920 DEOPT PACKING pc=0x000001ee3a295080 sp=0x000000af2d0fd7e0
Event: 60.214 Thread 0x000001ee5490a920 DEOPT UNPACKING pc=0x000001ee39b26da3 sp=0x000000af2d0fd748 mode 2
Event: 60.214 Thread 0x000001ee5490ee30 DEOPT PACKING pc=0x000001ee3a295080 sp=0x000000af2d7fd1b0
Event: 60.214 Thread 0x000001ee5490ee30 DEOPT UNPACKING pc=0x000001ee39b26da3 sp=0x000000af2d7fd118 mode 2
Event: 60.214 Thread 0x000001ee5e1518a0 DEOPT PACKING pc=0x000001ee3a295080 sp=0x000000af2e0fd290
Event: 60.214 Thread 0x000001ee5e1518a0 DEOPT UNPACKING pc=0x000001ee39b26da3 sp=0x000000af2e0fd1f8 mode 2
Event: 60.215 Thread 0x000001ee5490ce50 DEOPT PACKING pc=0x000001ee3a295080 sp=0x000000af2d5fd040
Event: 60.215 Thread 0x000001ee5490ce50 DEOPT UNPACKING pc=0x000001ee39b26da3 sp=0x000000af2d5fcfa8 mode 2

Classes loaded (20 events):
Event: 60.115 Loading class java/time/LocalDateTime$1
Event: 60.115 Loading class java/time/LocalDateTime$1 done
Event: 60.115 Loading class java/time/format/DateTimeFormatterBuilder$WeekBasedFieldPrinterParser
Event: 60.115 Loading class java/time/format/DateTimeFormatterBuilder$WeekBasedFieldPrinterParser done
Event: 60.115 Loading class java/time/ZonedDateTime$1
Event: 60.115 Loading class java/time/ZonedDateTime$1 done
Event: 60.116 Loading class java/time/temporal/WeekFields
Event: 60.116 Loading class java/time/temporal/WeekFields done
Event: 60.116 Loading class java/time/DayOfWeek
Event: 60.116 Loading class java/time/DayOfWeek done
Event: 60.116 Loading class java/time/temporal/WeekFields$ComputedDayOfField
Event: 60.116 Loading class java/time/temporal/WeekFields$ComputedDayOfField done
Event: 60.124 Loading class java/time/Month
Event: 60.130 Loading class java/time/Month done
Event: 60.130 Loading class java/time/Month$1
Event: 60.130 Loading class java/time/Month$1 done
Event: 60.131 Loading class java/time/OffsetDateTime
Event: 60.132 Loading class java/time/OffsetDateTime done
Event: 60.214 Loading class java/text/FieldPosition$Delegate
Event: 60.214 Loading class java/text/FieldPosition$Delegate done

Classes unloaded (0 events):
No events

Classes redefined (0 events):
No events

Internal exceptions (20 events):
Event: 59.066 Thread 0x000001ee28e5a850 Exception <a 'sun/nio/fs/WindowsException'{0x000000070bdfe688}> (0x000000070bdfe688) 
thrown [s\open\src\hotspot\share\prims\jni.cpp, line 517]
Event: 59.066 Thread 0x000001ee28e5a850 Exception <a 'sun/nio/fs/WindowsException'{0x000000070bdff7b0}> (0x000000070bdff7b0) 
thrown [s\open\src\hotspot\share\prims\jni.cpp, line 517]
Event: 59.221 Thread 0x000001ee28e5a850 Exception <a 'sun/nio/fs/WindowsException'{0x000000070a9d9f88}> (0x000000070a9d9f88) 
thrown [s\open\src\hotspot\share\prims\jni.cpp, line 517]
Event: 59.221 Thread 0x000001ee28e5a850 Exception <a 'sun/nio/fs/WindowsException'{0x000000070a9db6c8}> (0x000000070a9db6c8) 
thrown [s\open\src\hotspot\share\prims\jni.cpp, line 517]
Event: 59.221 Thread 0x000001ee28e5a850 Exception <a 'sun/nio/fs/WindowsException'{0x000000070a9dce18}> (0x000000070a9dce18) 
thrown [s\open\src\hotspot\share\prims\jni.cpp, line 517]
Event: 59.221 Thread 0x000001ee28e5a850 Exception <a 'sun/nio/fs/WindowsException'{0x000000070a9de5c8}> (0x000000070a9de5c8) 
thrown [s\open\src\hotspot\share\prims\jni.cpp, line 517]
Event: 59.221 Thread 0x000001ee28e5a850 Exception <a 'sun/nio/fs/WindowsException'{0x000000070a9dfe50}> (0x000000070a9dfe50) 
thrown [s\open\src\hotspot\share\prims\jni.cpp, line 517]
Event: 59.250 Thread 0x000001ee28e5a850 Exception <a 'sun/nio/fs/WindowsException'{0x000000070a50e548}> (0x000000070a50e548) 
thrown [s\open\src\hotspot\share\prims\jni.cpp, line 517]
Event: 59.251 Thread 0x000001ee28e5a850 Exception <a 'sun/nio/fs/WindowsException'{0x000000070a50fcd8}> (0x000000070a50fcd8) 
thrown [s\open\src\hotspot\share\prims\jni.cpp, line 517]
Event: 59.251 Thread 0x000001ee28e5a850 Exception <a 'sun/nio/fs/WindowsException'{0x000000070a511480}> (0x000000070a511480) 
thrown [s\open\src\hotspot\share\prims\jni.cpp, line 517]
Event: 59.251 Thread 0x000001ee28e5a850 Exception <a 'sun/nio/fs/WindowsException'{0x000000070a512c88}> (0x000000070a512c88) 
thrown [s\open\src\hotspot\share\prims\jni.cpp, line 517]
Event: 59.251 Thread 0x000001ee28e5a850 Exception <a 'sun/nio/fs/WindowsException'{0x000000070a514568}> (0x000000070a514568) 
thrown [s\open\src\hotspot\share\prims\jni.cpp, line 517]
Event: 59.544 Thread 0x000001ee28e5a850 Exception <a 'java/lang/IncompatibleClassChangeError'{0x000000070dcb06f8}: Found class java.lang.Object, but interface was expected> (0x000000070dcb06f8) 
thrown [s\open\src\hotspot\share\interpreter\linkResolver.cpp, line 841]
Event: 59.705 Thread 0x000001ee5490a920 Exception <a 'sun/nio/fs/WindowsException'{0x000000070c0cabb0}> (0x000000070c0cabb0) 
thrown [s\open\src\hotspot\share\prims\jni.cpp, line 517]
Event: 59.705 Thread 0x000001ee5490a920 Exception <a 'sun/nio/fs/WindowsException'{0x000000070c0cae40}> (0x000000070c0cae40) 
thrown [s\open\src\hotspot\share\prims\jni.cpp, line 517]
Event: 59.710 Thread 0x000001ee5490a920 Exception <a 'java/lang/NoSuchMethodError'{0x000000070c105f88}: 'void java.lang.invoke.DelegatingMethodHandle$Holder.reinvoke_L(java.lang.Object, java.lang.Object, long)'> (0x000000070c105f88) 
thrown [s\open\src\hotspot\share\interpreter\linkResolver.cpp, line 774]
Event: 59.757 Thread 0x000001ee28e5a850 Exception <a 'java/lang/NoSuchMethodError'{0x000000070bfd5620}: 'void java.lang.invoke.DirectMethodHandle$Holder.invokeStatic(java.lang.Object, java.lang.Object, java.lang.Object, java.lang.Object)'> (0x000000070bfd5620) 
thrown [s\open\src\hotspot\share\interpreter\linkResolver.cpp, line 774]
Event: 59.760 Thread 0x000001ee28e5a850 Exception <a 'java/lang/IncompatibleClassChangeError'{0x000000070bff3718}: Found class java.lang.Object, but interface was expected> (0x000000070bff3718) 
thrown [s\open\src\hotspot\share\interpreter\linkResolver.cpp, line 841]
Event: 59.904 Thread 0x000001ee28e5a850 Exception <a 'java/lang/IncompatibleClassChangeError'{0x000000070b031f28}: Found class java.lang.Object, but interface was expected> (0x000000070b031f28) 
thrown [s\open\src\hotspot\share\interpreter\linkResolver.cpp, line 841]
Event: 59.974 Thread 0x000001ee5490b3c0 Exception <a 'sun/nio/fs/WindowsException'{0x000000070a992678}> (0x000000070a992678) 
thrown [s\open\src\hotspot\share\prims\jni.cpp, line 517]

VM Operations (20 events):
Event: 59.723 Executing VM operation: HandshakeAllThreads
Event: 59.723 Executing VM operation: HandshakeAllThreads done
Event: 59.733 Executing VM operation: ICBufferFull
Event: 59.733 Executing VM operation: ICBufferFull done
Event: 59.745 Executing VM operation: HandshakeAllThreads
Event: 59.745 Executing VM operation: HandshakeAllThreads done
Event: 59.756 Executing VM operation: HandshakeAllThreads
Event: 59.756 Executing VM operation: HandshakeAllThreads done
Event: 59.756 Executing VM operation: HandshakeAllThreads
Event: 59.756 Executing VM operation: HandshakeAllThreads done
Event: 59.766 Executing VM operation: HandshakeAllThreads
Event: 59.766 Executing VM operation: HandshakeAllThreads done
Event: 59.908 Executing VM operation: HandshakeAllThreads
Event: 59.908 Executing VM operation: HandshakeAllThreads done
Event: 59.943 Executing VM operation: HandshakeAllThreads
Event: 59.943 Executing VM operation: HandshakeAllThreads done
Event: 60.001 Executing VM operation: HandshakeAllThreads
Event: 60.001 Executing VM operation: HandshakeAllThreads done
Event: 60.159 Executing VM operation: G1CollectForAllocation
Event: 60.164 Executing VM operation: G1CollectForAllocation done

Events (20 events):
Event: 59.971 Thread 0x000001ee5490a920 Thread added: 0x000001ee5490a920
Event: 59.971 Thread 0x000001ee5490d8f0 Thread added: 0x000001ee5490d8f0
Event: 59.971 Thread 0x000001ee5490b3c0 Thread added: 0x000001ee5490b3c0
Event: 59.971 Thread 0x000001ee5490de40 Thread added: 0x000001ee5490de40
Event: 59.971 Thread 0x000001ee5490c3b0 Thread added: 0x000001ee5490c3b0
Event: 59.971 Thread 0x000001ee5490ce50 Thread added: 0x000001ee5490ce50
Event: 59.971 Thread 0x000001ee5490d3a0 Thread added: 0x000001ee5490d3a0
Event: 59.971 Thread 0x000001ee5490ee30 Thread added: 0x000001ee5490ee30
Event: 59.971 Thread 0x000001ee4d9955a0 Thread added: 0x000001ee4d9955a0
Event: 59.971 Thread 0x000001ee4d992b20 Thread added: 0x000001ee4d992b20
Event: 59.971 Thread 0x000001ee4d993b10 Thread added: 0x000001ee4d993b10
Event: 59.971 Thread 0x000001ee4d994060 Thread added: 0x000001ee4d994060
Event: 59.971 Thread 0x000001ee5e1508b0 Thread added: 0x000001ee5e1508b0
Event: 59.971 Thread 0x000001ee5e151df0 Thread added: 0x000001ee5e151df0
Event: 59.971 Thread 0x000001ee5e14be50 Thread added: 0x000001ee5e14be50
Event: 59.971 Thread 0x000001ee5e152340 Thread added: 0x000001ee5e152340
Event: 59.971 Thread 0x000001ee5e1518a0 Thread added: 0x000001ee5e1518a0
Event: 59.972 Thread 0x000001ee5e14e8d0 Thread added: 0x000001ee5e14e8d0
Event: 59.972 Thread 0x000001ee5e14c3a0 Thread added: 0x000001ee5e14c3a0
Event: 59.972 Thread 0x000001ee5e153880 Thread added: 0x000001ee5e153880


Dynamic libraries:
0x00007ff6ea570000 - 0x00007ff6ea580000 	C:\Program Files\Java\jdk-19\bin\java.exe
0x00007ffbb5950000 - 0x00007ffbb5b64000 	C:\Windows\SYSTEM32\ntdll.dll
0x00007ffbb45e0000 - 0x00007ffbb46a2000 	C:\Windows\System32\KERNEL32.DLL
0x00007ffbb3190000 - 0x00007ffbb352c000 	C:\Windows\System32\KERNELBASE.dll
0x00007ffbb3650000 - 0x00007ffbb3761000 	C:\Windows\System32\ucrtbase.dll
0x00007ffbac740000 - 0x00007ffbac758000 	C:\Program Files\Java\jdk-19\bin\jli.dll
0x00007ffbabab0000 - 0x00007ffbabacb000 	C:\Program Files\Java\jdk-19\bin\VCRUNTIME140.dll
0x00007ffbb5690000 - 0x00007ffbb573e000 	C:\Windows\System32\ADVAPI32.dll
0x00007ffbb4d80000 - 0x00007ffbb4e27000 	C:\Windows\System32\msvcrt.dll
0x00007ffbb5760000 - 0x00007ffbb5804000 	C:\Windows\System32\sechost.dll
0x00007ffbb4900000 - 0x00007ffbb4a15000 	C:\Windows\System32\RPCRT4.dll
0x00007ffbb3a50000 - 0x00007ffbb3bfb000 	C:\Windows\System32\USER32.dll
0x00007ffbb3620000 - 0x00007ffbb3646000 	C:\Windows\System32\win32u.dll
0x00007ffbb46b0000 - 0x00007ffbb46d9000 	C:\Windows\System32\GDI32.dll
0x00007ffb9ff60000 - 0x00007ffba01ee000 	C:\Windows\WinSxS\amd64_microsoft.windows.common-controls_6595b64144ccf1df_6.0.22621.1_none_60e502bd9af5bef0\COMCTL32.dll
0x00007ffbb2f10000 - 0x00007ffbb3022000 	C:\Windows\System32\gdi32full.dll
0x00007ffbb30f0000 - 0x00007ffbb318a000 	C:\Windows\System32\msvcp_win.dll
0x00007ffbaa820000 - 0x00007ffbaa82a000 	C:\Windows\SYSTEM32\VERSION.dll
0x00007ffbb39a0000 - 0x00007ffbb39d1000 	C:\Windows\System32\IMM32.DLL
0x00007ffbad4b0000 - 0x00007ffbad4bc000 	C:\Program Files\Java\jdk-19\bin\vcruntime140_1.dll
0x00007ffb9d5c0000 - 0x00007ffb9d64e000 	C:\Program Files\Java\jdk-19\bin\msvcp140.dll
0x00007ffb86dd0000 - 0x00007ffb87a90000 	C:\Program Files\Java\jdk-19\bin\server\jvm.dll
0x00007ffbabb70000 - 0x00007ffbabba4000 	C:\Windows\SYSTEM32\WINMM.dll
0x00007ffbae4b0000 - 0x00007ffbae4b9000 	C:\Windows\SYSTEM32\WSOCK32.dll
0x00007ffbb4ca0000 - 0x00007ffbb4d11000 	C:\Windows\System32\WS2_32.dll
0x00007ffbb1f00000 - 0x00007ffbb1f18000 	C:\Windows\SYSTEM32\kernel.appcore.dll
0x00007ffbab050000 - 0x00007ffbab05a000 	C:\Program Files\Java\jdk-19\bin\jimage.dll
0x00007ffba9b80000 - 0x00007ffba9dae000 	C:\Windows\SYSTEM32\DBGHELP.DLL
0x00007ffbb5300000 - 0x00007ffbb5689000 	C:\Windows\System32\combase.dll
0x00007ffbb3d10000 - 0x00007ffbb3de7000 	C:\Windows\System32\OLEAUT32.dll
0x00007ffb9c3f0000 - 0x00007ffb9c422000 	C:\Windows\SYSTEM32\dbgcore.DLL
0x00007ffbb3530000 - 0x00007ffbb35ab000 	C:\Windows\System32\bcryptPrimitives.dll
0x00007ffba61b0000 - 0x00007ffba61d6000 	C:\Program Files\Java\jdk-19\bin\java.dll
0x00007ffb987d0000 - 0x00007ffb988a7000 	C:\Program Files\Java\jdk-19\bin\jsvml.dll
0x00007ffbb3df0000 - 0x00007ffbb45c8000 	C:\Windows\System32\SHELL32.dll
0x00007ffbb0de0000 - 0x00007ffbb1698000 	C:\Windows\SYSTEM32\windows.storage.dll
0x00007ffbb0ca0000 - 0x00007ffbb0ddd000 	C:\Windows\SYSTEM32\wintypes.dll
0x00007ffbb5810000 - 0x00007ffbb5901000 	C:\Windows\System32\SHCORE.dll
0x00007ffbb39e0000 - 0x00007ffbb3a3e000 	C:\Windows\System32\shlwapi.dll
0x00007ffbb2cd0000 - 0x00007ffbb2cf1000 	C:\Windows\SYSTEM32\profapi.dll
0x00007ffbaaf10000 - 0x00007ffbaaf23000 	C:\Program Files\Java\jdk-19\bin\net.dll
0x00007ffbabec0000 - 0x00007ffbabfef000 	C:\Windows\SYSTEM32\WINHTTP.dll
0x00007ffbb2360000 - 0x00007ffbb23c9000 	C:\Windows\system32\mswsock.dll
0x00007ffba67b0000 - 0x00007ffba67c6000 	C:\Program Files\Java\jdk-19\bin\nio.dll
0x00007ffba4f70000 - 0x00007ffba4f88000 	C:\Program Files\Java\jdk-19\bin\zip.dll
0x0000000069ac0000 - 0x0000000069ae4000 	C:\Program Files\apache-maven-3.9.1\lib\jansi-native\Windows\x86_64\jansi.dll
0x00007ffba51c0000 - 0x00007ffba51d0000 	C:\Program Files\Java\jdk-19\bin\verify.dll
0x00007ffbb1f20000 - 0x00007ffbb1f54000 	C:\Windows\SYSTEM32\ntmarta.dll
0x00007ffbb25b0000 - 0x00007ffbb25cb000 	C:\Windows\SYSTEM32\CRYPTSP.dll
0x00007ffbb1e00000 - 0x00007ffbb1e35000 	C:\Windows\system32\rsaenh.dll
0x00007ffbb2460000 - 0x00007ffbb2488000 	C:\Windows\SYSTEM32\USERENV.dll
0x00007ffbb2770000 - 0x00007ffbb2798000 	C:\Windows\SYSTEM32\bcrypt.dll
0x00007ffbb25d0000 - 0x00007ffbb25dc000 	C:\Windows\SYSTEM32\CRYPTBASE.dll
0x00007ffbb1930000 - 0x00007ffbb195d000 	C:\Windows\SYSTEM32\IPHLPAPI.DLL
0x00007ffbb45d0000 - 0x00007ffbb45d9000 	C:\Windows\System32\NSI.dll
0x00007ffbabcb0000 - 0x00007ffbabcc9000 	C:\Windows\SYSTEM32\dhcpcsvc6.DLL
0x00007ffbabc60000 - 0x00007ffbabc7f000 	C:\Windows\SYSTEM32\dhcpcsvc.DLL
0x00007ffbb19b0000 - 0x00007ffbb1aa2000 	C:\Windows\SYSTEM32\DNSAPI.dll

dbghelp: loaded successfully - version: 4.0.5 - missing functions: none
symbol engine: initialized successfully - sym options: 0x614 - pdb path: .;C:\Program Files\Java\jdk-19\bin;C:\Windows\SYSTEM32;C:\Windows\WinSxS\amd64_microsoft.windows.common-controls_6595b64144ccf1df_6.0.22621.1_none_60e502bd9af5bef0;C:\Program Files\Java\jdk-19\bin\server;C:\Program Files\apache-maven-3.9.1\lib\jansi-native\Windows\x86_64

VM Arguments:
jvm_args: -Dclassworlds.conf=C:\Program Files\apache-maven-3.9.1\bin\m2.conf -Dmaven.home=C:\Program Files\apache-maven-3.9.1 -Dlibrary.jansi.path=C:\Program Files\apache-maven-3.9.1\lib\jansi-native -Dmaven.multiModuleProjectDirectory=C:\Users\Admin\IdeaProjects\miniproject-mobile 
java_command: org.codehaus.plexus.classworlds.launcher.Launcher clean verify -Dtags=@logout
java_class_path (initial): C:\Program Files\apache-maven-3.9.1\boot\plexus-classworlds-2.6.0.jar
Launcher Type: SUN_STANDARD

[Global flags]
     intx CICompilerCount                          = 3                                         {product} {ergonomic}
     uint ConcGCThreads                            = 1                                         {product} {ergonomic}
     uint G1ConcRefinementThreads                  = 4                                         {product} {ergonomic}
   size_t G1HeapRegionSize                         = 2097152                                   {product} {ergonomic}
    uintx GCDrainStackTargetSize                   = 64                                        {product} {ergonomic}
   size_t InitialHeapSize                          = 268435456                                 {product} {ergonomic}
   size_t MarkStackSize                            = 4194304                                   {product} {ergonomic}
   size_t MaxHeapSize                              = 4276092928                                {product} {ergonomic}
   size_t MaxNewSize                               = 2564816896                                {product} {ergonomic}
   size_t MinHeapDeltaBytes                        = 2097152                                   {product} {ergonomic}
   size_t MinHeapSize                              = 8388608                                   {product} {ergonomic}
    uintx NonNMethodCodeHeapSize                   = 5832780                                {pd product} {ergonomic}
    uintx NonProfiledCodeHeapSize                  = 122912730                              {pd product} {ergonomic}
    uintx ProfiledCodeHeapSize                     = 122912730                              {pd product} {ergonomic}
    uintx ReservedCodeCacheSize                    = 251658240                              {pd product} {ergonomic}
     bool SegmentedCodeCache                       = true                                      {product} {ergonomic}
   size_t SoftMaxHeapSize                          = 4276092928                             {manageable} {ergonomic}
     bool UseCompressedClassPointers               = true                           {product lp64_product} {ergonomic}
     bool UseCompressedOops                        = true                           {product lp64_product} {ergonomic}
     bool UseG1GC                                  = true                                      {product} {ergonomic}
     bool UseLargePagesIndividualAllocation        = false                                  {pd product} {ergonomic}

Logging:
Log output configuration:
 #0: stdout all=warning uptime,level,tags foldmultilines=false
 #1: stderr all=off uptime,level,tags foldmultilines=false

Environment Variables:
JAVA_HOME=C:\Program Files\Java\jdk-19
PATH=C:\Program Files\Common Files\Oracle\Java\javapath;C:\Program Files (x86)\Common Files\Oracle\Java\javapath;C:\Windows\system32;C:\Windows;C:\Windows\System32\Wbem;C:\Windows\System32\WindowsPowerShell\v1.0\;C:\Windows\System32\OpenSSH\;C:\Program Files\Git\cmd;C:\Program Files\apache-maven-3.9.1\bin;C:\Program Files\Java\jdk-19\bin;C:\Program Files\nodejs\;C:\platform-tools;C:\Users\Admin\Documents\xray_windows_amd64.exe;C:\Users\Admin\AppData\Local\Programs\Python\Python311\;C:\Users\Admin\AppData\Local\Microsoft\WindowsApps;C:\Users\Admin\AppData\Local\GitHubDesktop\bin;C:\Users\Admin\AppData\Local\Programs\Microsoft VS Code\bin;C:\Users\Admin\AppData\Roaming\npm
USERNAME=Admin
OS=Windows_NT
PROCESSOR_IDENTIFIER=Intel64 Family 6 Model 94 Stepping 3, GenuineIntel
TMP=C:\Users\Admin\AppData\Local\Temp
TEMP=C:\Users\Admin\AppData\Local\Temp



---------------  S Y S T E M  ---------------

OS:
 Windows 11 , 64 bit Build 22621 (10.0.22621.1)
OS uptime: 0 days 9:56 hours

CPU: total 4 (initial active 4) (4 cores per cpu, 1 threads per core) family 6 model 94 stepping 3 microcode 0xd6, cx8, cmov, fxsr, mmx, 3dnowpref, sse, sse2, sse3, ssse3, sse4.1, sse4.2, popcnt, lzcnt, tsc, tscinvbit, avx, avx2, aes, erms, clmul, bmi1, bmi2, rtm, adx, fma, vzeroupper, clflush, clflushopt, rdtscp

Memory: 4k page, system-wide physical 16311M (4782M free)
TotalPageFile size 16311M (AvailPageFile size 5M)
current process WorkingSet (physical memory assigned to process): 570M, peak: 570M
current process commit charge ("private bytes"): 627M, peak: 627M

vm_info: Java HotSpot(TM) 64-Bit Server VM (19.0.2+7-44) for windows-amd64 JRE (19.0.2+7-44), built on 2022-11-30T18:02:09Z by "mach5one" with MS VC++ 17.1 (VS2022)

END.
